"../../../Engine/Content/EditorResources/S_Actor.ubulk" 0
"../../../Engine/Content/EditorResources/S_Actor.uasset" 1
"../../../Engine/Content/EditorResources/S_Actor.uexp" 2
"../../../Engine/Content/EditorResources/S_BoxReflectionCapture.uasset" 3
"../../../Engine/Content/EditorResources/S_BoxReflectionCapture.uexp" 4
"../../../Engine/Content/EngineResources/DefaultTexture.ubulk" 5
"../../../Engine/Content/EngineResources/DefaultTexture.uasset" 6
"../../../Engine/Content/EngineResources/DefaultTexture.uexp" 7
"../../../Engine/Content/EngineResources/DefaultTextureCube.uasset" 8
"../../../Engine/Content/EngineResources/DefaultTextureCube.uexp" 9
"../../../Engine/Content/EngineResources/DefaultVolumeTexture2D.uasset" 10
"../../../Engine/Content/EngineResources/DefaultVolumeTexture2D.uexp" 11
"../../../Engine/Content/EngineResources/DefaultVolumeTexture.uasset" 12
"../../../Engine/Content/EngineResources/DefaultVolumeTexture.uexp" 13
"../../../Engine/Content/EditorResources/S_Trigger.ubulk" 14
"../../../Engine/Content/EditorResources/S_Trigger.uasset" 15
"../../../Engine/Content/EditorResources/S_Trigger.uexp" 16
"../../../Engine/Content/EditorResources/S_TriggerBox.uasset" 17
"../../../Engine/Content/EditorResources/S_TriggerBox.uexp" 18
"../../../Engine/Content/EditorResources/S_TriggerCapsule.uasset" 19
"../../../Engine/Content/EditorResources/S_TriggerCapsule.uexp" 20
"../../../Engine/Content/EditorResources/S_TriggerSphere.uasset" 21
"../../../Engine/Content/EditorResources/S_TriggerSphere.uexp" 22
"../../../Engine/Content/EngineMeshes/Sphere.ubulk" 23
"../../../Engine/Content/EngineMeshes/Sphere.uasset" 24
"../../../Engine/Content/EngineMeshes/Sphere.uexp" 25
"../../../Engine/Content/EngineResources/GradientTexture0.uasset" 26
"../../../Engine/Content/EngineResources/GradientTexture0.uexp" 27
"../../../Engine/Content/EngineResources/Black.uasset" 28
"../../../Engine/Content/EngineResources/Black.uexp" 29
"../../../Engine/Content/VREditor/LaserPointer/VR_LaserPower_01.ubulk" 30
"../../../Engine/Content/VREditor/LaserPointer/VR_LaserPower_01.uasset" 31
"../../../Engine/Content/VREditor/LaserPointer/VR_LaserPower_01.uexp" 32
"../../../Engine/Content/VREditor/TransformGizmo/TransformGizmoMaterial.uasset" 33
"../../../Engine/Content/VREditor/TransformGizmo/TransformGizmoMaterial.uexp" 34
"../../../Engine/Content/VREditor/TransformGizmo/TranslucentTransformGizmoMaterial.uasset" 35
"../../../Engine/Content/VREditor/TransformGizmo/TranslucentTransformGizmoMaterial.uexp" 36
"../../../Engine/Content/VREditor/TransformGizmo/BoundingBoxCorner.ubulk" 37
"../../../Engine/Content/VREditor/TransformGizmo/BoundingBoxCorner.uasset" 38
"../../../Engine/Content/VREditor/TransformGizmo/BoundingBoxCorner.uexp" 39
"../../../Engine/Content/VREditor/TransformGizmo/BoundingBoxEdge.ubulk" 40
"../../../Engine/Content/VREditor/TransformGizmo/BoundingBoxEdge.uasset" 41
"../../../Engine/Content/VREditor/TransformGizmo/BoundingBoxEdge.uexp" 42
"../../../Engine/Content/VREditor/TransformGizmo/Main.uasset" 43
"../../../Engine/Content/VREditor/TransformGizmo/Main.uexp" 44
"../../../Engine/Content/VREditor/TransformGizmo/Xray.uasset" 45
"../../../Engine/Content/VREditor/TransformGizmo/Xray.uexp" 46
"../../../Engine/Content/VREditor/TransformGizmo/SM_Sequencer_Node.ubulk" 47
"../../../Engine/Content/VREditor/TransformGizmo/SM_Sequencer_Node.uasset" 48
"../../../Engine/Content/VREditor/TransformGizmo/SM_Sequencer_Node.uexp" 49
"../../../Engine/Content/EditorResources/S_Solver.ubulk" 50
"../../../Engine/Content/EditorResources/S_Solver.uasset" 51
"../../../Engine/Content/EditorResources/S_Solver.uexp" 52
"../../../Engine/Content/EditorMaterials/Camera/CineMat.uasset" 53
"../../../Engine/Content/EditorMaterials/Camera/CineMat.uexp" 54
"../../../Engine/Content/EditorMaterials/Camera/MI_CineMat_Rig.uasset" 55
"../../../Engine/Content/EditorMaterials/Camera/MI_CineMat_Rig.uexp" 56
"../../../Engine/Content/EditorMeshes/Camera/SM_CraneRig_Base.ubulk" 57
"../../../Engine/Content/EditorMeshes/Camera/SM_CraneRig_Base.uasset" 58
"../../../Engine/Content/EditorMeshes/Camera/SM_CraneRig_Base.uexp" 59
"../../../Engine/Content/EditorMeshes/Camera/SM_CraneRig_Arm.ubulk" 60
"../../../Engine/Content/EditorMeshes/Camera/SM_CraneRig_Arm.uasset" 61
"../../../Engine/Content/EditorMeshes/Camera/SM_CraneRig_Arm.uexp" 62
"../../../Engine/Content/EditorMeshes/Camera/SM_CraneRig_Mount.ubulk" 63
"../../../Engine/Content/EditorMeshes/Camera/SM_CraneRig_Mount.uasset" 64
"../../../Engine/Content/EditorMeshes/Camera/SM_CraneRig_Mount.uexp" 65
"../../../Engine/Content/EditorMeshes/Camera/SM_CraneRig_Body.ubulk" 66
"../../../Engine/Content/EditorMeshes/Camera/SM_CraneRig_Body.uasset" 67
"../../../Engine/Content/EditorMeshes/Camera/SM_CraneRig_Body.uexp" 68
"../../../Engine/Content/EditorMeshes/Camera/SM_RailRig_Track.ubulk" 69
"../../../Engine/Content/EditorMeshes/Camera/SM_RailRig_Track.uasset" 70
"../../../Engine/Content/EditorMeshes/Camera/SM_RailRig_Track.uexp" 71
"../../../Engine/Content/EditorMeshes/Camera/SM_RailRig_Mount.ubulk" 72
"../../../Engine/Content/EditorMeshes/Camera/SM_RailRig_Mount.uasset" 73
"../../../Engine/Content/EditorMeshes/Camera/SM_RailRig_Mount.uexp" 74
"../../../Engine/Content/EngineMaterials/T_Default_Material_Grid_M.ubulk" 75
"../../../Engine/Content/EngineMaterials/T_Default_Material_Grid_M.uasset" 76
"../../../Engine/Content/EngineMaterials/T_Default_Material_Grid_M.uexp" 77
"../../../Engine/Content/EngineMaterials/T_Default_Material_Grid_N.ubulk" 78
"../../../Engine/Content/EngineMaterials/T_Default_Material_Grid_N.uasset" 79
"../../../Engine/Content/EngineMaterials/T_Default_Material_Grid_N.uexp" 80
"../../../Engine/Content/Functions/Engine_MaterialFunctions01/Opacity/CameraDepthFade.uasset" 81
"../../../Engine/Content/Functions/Engine_MaterialFunctions01/Opacity/CameraDepthFade.uexp" 82
"../../../Engine/Content/EngineMaterials/WorldGridMaterial.uasset" 83
"../../../Engine/Content/EngineMaterials/WorldGridMaterial.uexp" 84
"../../../Engine/Content/ArtTools/RenderToTexture/Meshes/S_1_Unit_Plane.ubulk" 85
"../../../Engine/Content/ArtTools/RenderToTexture/Meshes/S_1_Unit_Plane.uasset" 86
"../../../Engine/Content/ArtTools/RenderToTexture/Meshes/S_1_Unit_Plane.uexp" 87
"../../../Engine/Content/EditorMaterials/ParticleSystems/PSysThumbnail_NoImage.ubulk" 88
"../../../Engine/Content/EditorMaterials/ParticleSystems/PSysThumbnail_NoImage.uasset" 89
"../../../Engine/Content/EditorMaterials/ParticleSystems/PSysThumbnail_NoImage.uexp" 90
"../../../Engine/Content/EditorMaterials/ParticleSystems/PSysThumbnail_OOD.ubulk" 91
"../../../Engine/Content/EditorMaterials/ParticleSystems/PSysThumbnail_OOD.uasset" 92
"../../../Engine/Content/EditorMaterials/ParticleSystems/PSysThumbnail_OOD.uexp" 93
"../../../Engine/Content/EditorLandscapeResources/SplineEditorMeshMat.uasset" 94
"../../../Engine/Content/EditorLandscapeResources/SplineEditorMeshMat.uexp" 95
"../../../Engine/Content/EditorLandscapeResources/SplineEditorMesh.ubulk" 96
"../../../Engine/Content/EditorLandscapeResources/SplineEditorMesh.uasset" 97
"../../../Engine/Content/EditorLandscapeResources/SplineEditorMesh.uexp" 98
"../../../Engine/Plugins/Media/MediaPlate/Content/SM_MediaPlateScreen.ubulk" 99
"../../../Engine/Plugins/Media/MediaPlate/Content/SM_MediaPlateScreen.uasset" 100
"../../../Engine/Plugins/Media/MediaPlate/Content/SM_MediaPlateScreen.uexp" 101
"../../../Engine/Content/EngineMaterials/DefaultBokeh.uasset" 102
"../../../Engine/Content/EngineMaterials/DefaultBokeh.uexp" 103
"../../../Engine/Content/EngineMaterials/MiniFont.uasset" 104
"../../../Engine/Content/EngineMaterials/MiniFont.uexp" 105
"../../../Engine/Content/EngineMaterials/WeightMapPlaceholderTexture.uasset" 106
"../../../Engine/Content/EngineMaterials/WeightMapPlaceholderTexture.uexp" 107
"../../../Engine/Content/EngineMaterials/WeightMapArrayPlaceholderTexture.uasset" 108
"../../../Engine/Content/EngineMaterials/WeightMapArrayPlaceholderTexture.uexp" 109
"../../../Engine/Content/EngineMaterials/DefaultWhiteGrid.ubulk" 110
"../../../Engine/Content/EngineMaterials/DefaultWhiteGrid.uasset" 111
"../../../Engine/Content/EngineMaterials/DefaultWhiteGrid.uexp" 112
"../../../Engine/Content/EngineMaterials/PreintegratedSkinBRDF.uasset" 113
"../../../Engine/Content/EngineMaterials/PreintegratedSkinBRDF.uexp" 114
"../../../Engine/Plugins/Runtime/MeshModelingToolset/Content/Materials/M_DynamicMeshComponentVtxColor.uasset" 115
"../../../Engine/Plugins/Runtime/MeshModelingToolset/Content/Materials/M_DynamicMeshComponentVtxColor.uexp" 116
"../../../Engine/Plugins/Interchange/Runtime/Content/Pipelines/DefaultTexturePipeline.uasset" 117
"../../../Engine/Plugins/Interchange/Runtime/Content/Pipelines/DefaultTexturePipeline.uexp" 118
"../../../Engine/Plugins/Interchange/Runtime/Content/Pipelines/DefaultSceneLevelPipeline.uasset" 119
"../../../Engine/Plugins/Interchange/Runtime/Content/Pipelines/DefaultSceneLevelPipeline.uexp" 120
"../../../Engine/Plugins/Interchange/Runtime/Content/Pipelines/DefaultSceneAssetsPipeline.uasset" 121
"../../../Engine/Plugins/Interchange/Runtime/Content/Pipelines/DefaultSceneAssetsPipeline.uexp" 122
"../../../Engine/Plugins/Interchange/Runtime/Content/Pipelines/DefaultMaterialXPipeline.uasset" 123
"../../../Engine/Plugins/Interchange/Runtime/Content/Pipelines/DefaultMaterialXPipeline.uexp" 124
"../../../Engine/Plugins/Interchange/Runtime/Content/Pipelines/DefaultMaterialPipeline.uasset" 125
"../../../Engine/Plugins/Interchange/Runtime/Content/Pipelines/DefaultMaterialPipeline.uexp" 126
"../../../Engine/Plugins/Interchange/Runtime/Content/Pipelines/DefaultGLTFSceneAssetsPipeline.uasset" 127
"../../../Engine/Plugins/Interchange/Runtime/Content/Pipelines/DefaultGLTFSceneAssetsPipeline.uexp" 128
"../../../Engine/Plugins/Interchange/Runtime/Content/Pipelines/DefaultGLTFPipeline.uasset" 129
"../../../Engine/Plugins/Interchange/Runtime/Content/Pipelines/DefaultGLTFPipeline.uexp" 130
"../../../Engine/Plugins/Interchange/Runtime/Content/Pipelines/DefaultGLTFAssetsPipeline.uasset" 131
"../../../Engine/Plugins/Interchange/Runtime/Content/Pipelines/DefaultGLTFAssetsPipeline.uexp" 132
"../../../Engine/Plugins/Interchange/Runtime/Content/Pipelines/DefaultAssetsPipeline.uasset" 133
"../../../Engine/Plugins/Interchange/Runtime/Content/Pipelines/DefaultAssetsPipeline.uexp" 134
"../../../Engine/Plugins/Interchange/Runtime/Content/gltf/MaterialFunctions/MF_RotateV2.uasset" 135
"../../../Engine/Plugins/Interchange/Runtime/Content/gltf/MaterialFunctions/MF_RotateV2.uexp" 136
"../../../Engine/Plugins/Interchange/Runtime/Content/gltf/MaterialFunctions/MF_TransformUVs.uasset" 137
"../../../Engine/Plugins/Interchange/Runtime/Content/gltf/MaterialFunctions/MF_TransformUVs.uexp" 138
"../../../Engine/Plugins/Interchange/Runtime/Content/gltf/Textures/T_White_srgb.uasset" 139
"../../../Engine/Plugins/Interchange/Runtime/Content/gltf/Textures/T_White_srgb.uexp" 140
"../../../Engine/Plugins/Interchange/Runtime/Content/gltf/MaterialFunctions/MF_BaseColor.uasset" 141
"../../../Engine/Plugins/Interchange/Runtime/Content/gltf/MaterialFunctions/MF_BaseColor.uexp" 142
"../../../Engine/Plugins/Interchange/Runtime/Content/gltf/MaterialBodies/MF_Unlit_Body.uasset" 143
"../../../Engine/Plugins/Interchange/Runtime/Content/gltf/MaterialBodies/MF_Unlit_Body.uexp" 144
"../../../Engine/Plugins/Interchange/Runtime/Content/gltf/M_Unlit.uasset" 145
"../../../Engine/Plugins/Interchange/Runtime/Content/gltf/M_Unlit.uexp" 146
"../../../Engine/Plugins/Interchange/Runtime/Content/gltf/MaterialInstances/MI_Unlit_Opaque_DS.uasset" 147
"../../../Engine/Plugins/Interchange/Runtime/Content/gltf/MaterialInstances/MI_Unlit_Opaque_DS.uexp" 148
"../../../Engine/Plugins/Interchange/Runtime/Content/gltf/MaterialInstances/MI_Unlit_Opaque.uasset" 149
"../../../Engine/Plugins/Interchange/Runtime/Content/gltf/MaterialInstances/MI_Unlit_Opaque.uexp" 150
"../../../Engine/Plugins/Interchange/Runtime/Content/gltf/MaterialInstances/MI_Unlit_Mask_DS.uasset" 151
"../../../Engine/Plugins/Interchange/Runtime/Content/gltf/MaterialInstances/MI_Unlit_Mask_DS.uexp" 152
"../../../Engine/Plugins/Interchange/Runtime/Content/gltf/MaterialInstances/MI_Unlit_Mask.uasset" 153
"../../../Engine/Plugins/Interchange/Runtime/Content/gltf/MaterialInstances/MI_Unlit_Mask.uexp" 154
"../../../Engine/Plugins/Interchange/Runtime/Content/gltf/MaterialInstances/MI_Unlit_Blend_DS.uasset" 155
"../../../Engine/Plugins/Interchange/Runtime/Content/gltf/MaterialInstances/MI_Unlit_Blend_DS.uexp" 156
"../../../Engine/Plugins/Interchange/Runtime/Content/gltf/MaterialInstances/MI_Unlit_Blend.uasset" 157
"../../../Engine/Plugins/Interchange/Runtime/Content/gltf/MaterialInstances/MI_Unlit_Blend.uexp" 158
"../../../Engine/Content/Functions/Engine_MaterialFunctions02/Utility/BreakOutFloat3Components.uasset" 159
"../../../Engine/Content/Functions/Engine_MaterialFunctions02/Utility/BreakOutFloat3Components.uexp" 160
"../../../Engine/Content/Functions/Engine_MaterialFunctions02/Math/Transform3x3Matrix.uasset" 161
"../../../Engine/Content/Functions/Engine_MaterialFunctions02/Math/Transform3x3Matrix.uexp" 162
"../../../Engine/Content/Functions/Engine_MaterialFunctions02/Utility/CameraDirectionVector.uasset" 163
"../../../Engine/Content/Functions/Engine_MaterialFunctions02/Utility/CameraDirectionVector.uexp" 164
"../../../Engine/Plugins/Interchange/Runtime/Content/Utilities/New_LUT.uasset" 165
"../../../Engine/Plugins/Interchange/Runtime/Content/Utilities/New_LUT.uexp" 166
"../../../Engine/Content/Functions/Engine_MaterialFunctions03/Math/RemapValueRange.uasset" 167
"../../../Engine/Content/Functions/Engine_MaterialFunctions03/Math/RemapValueRange.uexp" 168
"../../../Engine/Plugins/Interchange/Runtime/Content/Functions/MF_Iridescence.uasset" 169
"../../../Engine/Plugins/Interchange/Runtime/Content/Functions/MF_Iridescence.uexp" 170
"../../../Engine/Plugins/Interchange/Runtime/Content/gltf/MaterialFunctions/MF_Iridescence.uasset" 171
"../../../Engine/Plugins/Interchange/Runtime/Content/gltf/MaterialFunctions/MF_Iridescence.uexp" 172
"../../../Engine/Plugins/Interchange/Runtime/Content/gltf/Textures/T_White_Linear.uasset" 173
"../../../Engine/Plugins/Interchange/Runtime/Content/gltf/Textures/T_White_Linear.uexp" 174
"../../../Engine/Plugins/Interchange/Runtime/Content/gltf/MaterialFunctions/MF_Transmission.uasset" 175
"../../../Engine/Plugins/Interchange/Runtime/Content/gltf/MaterialFunctions/MF_Transmission.uexp" 176
"../../../Engine/Plugins/Interchange/Runtime/Content/gltf/MaterialFunctions/MF_MetallicRoughness.uasset" 177
"../../../Engine/Plugins/Interchange/Runtime/Content/gltf/MaterialFunctions/MF_MetallicRoughness.uexp" 178
"../../../Engine/Plugins/Interchange/Runtime/Content/gltf/MaterialFunctions/MF_Occlusion.uasset" 179
"../../../Engine/Plugins/Interchange/Runtime/Content/gltf/MaterialFunctions/MF_Occlusion.uexp" 180
"../../../Engine/Content/EngineMaterials/Good64x64TilingNoiseHighFreq.uasset" 181
"../../../Engine/Content/EngineMaterials/Good64x64TilingNoiseHighFreq.uexp" 182
"../../../Engine/Content/Functions/Engine_MaterialFunctions02/Texturing/ScreenAlignedPixelToPixelUVs.uasset" 183
"../../../Engine/Content/Functions/Engine_MaterialFunctions02/Texturing/ScreenAlignedPixelToPixelUVs.uexp" 184
"../../../Engine/Plugins/Interchange/Runtime/Content/gltf/MaterialFunctions/MF_Temporal_Blur.uasset" 185
"../../../Engine/Plugins/Interchange/Runtime/Content/gltf/MaterialFunctions/MF_Temporal_Blur.uexp" 186
"../../../Engine/Plugins/Interchange/Runtime/Content/gltf/MaterialFunctions/MF_Specular.uasset" 187
"../../../Engine/Plugins/Interchange/Runtime/Content/gltf/MaterialFunctions/MF_Specular.uexp" 188
"../../../Engine/Plugins/Interchange/Runtime/Content/gltf/MaterialFunctions/MF_IOR.uasset" 189
"../../../Engine/Plugins/Interchange/Runtime/Content/gltf/MaterialFunctions/MF_IOR.uexp" 190
"../../../Engine/Plugins/Interchange/Runtime/Content/gltf/MaterialFunctions/MF_Fresnel_DS.uasset" 191
"../../../Engine/Plugins/Interchange/Runtime/Content/gltf/MaterialFunctions/MF_Fresnel_DS.uexp" 192
"../../../Engine/Content/Functions/Engine_MaterialFunctions02/Utility/MakeFloat3.uasset" 193
"../../../Engine/Content/Functions/Engine_MaterialFunctions02/Utility/MakeFloat3.uexp" 194
"../../../Engine/Plugins/Interchange/Runtime/Content/gltf/MaterialFunctions/MF_RotateNormals_TS.uasset" 195
"../../../Engine/Plugins/Interchange/Runtime/Content/gltf/MaterialFunctions/MF_RotateNormals_TS.uexp" 196
"../../../Engine/Plugins/Interchange/Runtime/Content/gltf/Textures/T_Generic_N.uasset" 197
"../../../Engine/Plugins/Interchange/Runtime/Content/gltf/Textures/T_Generic_N.uexp" 198
"../../../Engine/Plugins/Interchange/Runtime/Content/gltf/MaterialFunctions/MF_Normals.uasset" 199
"../../../Engine/Plugins/Interchange/Runtime/Content/gltf/MaterialFunctions/MF_Normals.uexp" 200
"../../../Engine/Plugins/Interchange/Runtime/Content/gltf/MaterialBodies/MF_Transmission_Body.uasset" 201
"../../../Engine/Plugins/Interchange/Runtime/Content/gltf/MaterialBodies/MF_Transmission_Body.uexp" 202
"../../../Engine/Plugins/Interchange/Runtime/Content/gltf/M_Transmission.uasset" 203
"../../../Engine/Plugins/Interchange/Runtime/Content/gltf/M_Transmission.uexp" 204
"../../../Engine/Plugins/Interchange/Runtime/Content/gltf/MaterialInstances/MI_Transmission_DS.uasset" 205
"../../../Engine/Plugins/Interchange/Runtime/Content/gltf/MaterialInstances/MI_Transmission_DS.uexp" 206
"../../../Engine/Plugins/Interchange/Runtime/Content/gltf/MaterialInstances/MI_Transmission.uasset" 207
"../../../Engine/Plugins/Interchange/Runtime/Content/gltf/MaterialInstances/MI_Transmission.uexp" 208
"../../../Engine/Plugins/Interchange/Runtime/Content/gltf/MaterialFunctions/MF_DiffuseSpecGloss.uasset" 209
"../../../Engine/Plugins/Interchange/Runtime/Content/gltf/MaterialFunctions/MF_DiffuseSpecGloss.uexp" 210
"../../../Engine/Content/Functions/Engine_MaterialFunctions02/Math/AddComponents.uasset" 211
"../../../Engine/Content/Functions/Engine_MaterialFunctions02/Math/AddComponents.uexp" 212
"../../../Engine/Plugins/Interchange/Runtime/Content/gltf/MaterialFunctions/MF_PerceivedBrightness.uasset" 213
"../../../Engine/Plugins/Interchange/Runtime/Content/gltf/MaterialFunctions/MF_PerceivedBrightness.uexp" 214
"../../../Engine/Plugins/Interchange/Runtime/Content/gltf/MaterialFunctions/MF_Emissive.uasset" 215
"../../../Engine/Plugins/Interchange/Runtime/Content/gltf/MaterialFunctions/MF_Emissive.uexp" 216
"../../../Engine/Plugins/Interchange/Runtime/Content/gltf/MaterialFunctions/MF_SpecGlossToMetalRoughness.uasset" 217
"../../../Engine/Plugins/Interchange/Runtime/Content/gltf/MaterialFunctions/MF_SpecGlossToMetalRoughness.uexp" 218
"../../../Engine/Plugins/Interchange/Runtime/Content/gltf/MaterialBodies/MF_SpecularGlossiness_Body.uasset" 219
"../../../Engine/Plugins/Interchange/Runtime/Content/gltf/MaterialBodies/MF_SpecularGlossiness_Body.uexp" 220
"../../../Engine/Plugins/Interchange/Runtime/Content/gltf/M_SpecularGlossiness.uasset" 221
"../../../Engine/Plugins/Interchange/Runtime/Content/gltf/M_SpecularGlossiness.uexp" 222
"../../../Engine/Plugins/Interchange/Runtime/Content/gltf/MaterialInstances/MI_SpecularGlossiness_Opaque_DS.uasset" 223
"../../../Engine/Plugins/Interchange/Runtime/Content/gltf/MaterialInstances/MI_SpecularGlossiness_Opaque_DS.uexp" 224
"../../../Engine/Plugins/Interchange/Runtime/Content/gltf/MaterialInstances/MI_SpecularGlossiness_Opaque.uasset" 225
"../../../Engine/Plugins/Interchange/Runtime/Content/gltf/MaterialInstances/MI_SpecularGlossiness_Opaque.uexp" 226
"../../../Engine/Plugins/Interchange/Runtime/Content/gltf/MaterialInstances/MI_SpecularGlossiness_Mask_DS.uasset" 227
"../../../Engine/Plugins/Interchange/Runtime/Content/gltf/MaterialInstances/MI_SpecularGlossiness_Mask_DS.uexp" 228
"../../../Engine/Plugins/Interchange/Runtime/Content/gltf/MaterialInstances/MI_SpecularGlossiness_Mask.uasset" 229
"../../../Engine/Plugins/Interchange/Runtime/Content/gltf/MaterialInstances/MI_SpecularGlossiness_Mask.uexp" 230
"../../../Engine/Plugins/Interchange/Runtime/Content/gltf/MaterialInstances/MI_SpecularGlossiness_Blend_DS.uasset" 231
"../../../Engine/Plugins/Interchange/Runtime/Content/gltf/MaterialInstances/MI_SpecularGlossiness_Blend_DS.uexp" 232
"../../../Engine/Plugins/Interchange/Runtime/Content/gltf/MaterialInstances/MI_SpecularGlossiness_Blend.uasset" 233
"../../../Engine/Plugins/Interchange/Runtime/Content/gltf/MaterialInstances/MI_SpecularGlossiness_Blend.uexp" 234
"../../../Engine/Plugins/Interchange/Runtime/Content/gltf/MaterialFunctions/MF_Sheen.uasset" 235
"../../../Engine/Plugins/Interchange/Runtime/Content/gltf/MaterialFunctions/MF_Sheen.uexp" 236
"../../../Engine/Plugins/Interchange/Runtime/Content/gltf/MaterialBodies/MF_Sheen_Body.uasset" 237
"../../../Engine/Plugins/Interchange/Runtime/Content/gltf/MaterialBodies/MF_Sheen_Body.uexp" 238
"../../../Engine/Plugins/Interchange/Runtime/Content/gltf/M_Sheen.uasset" 239
"../../../Engine/Plugins/Interchange/Runtime/Content/gltf/M_Sheen.uexp" 240
"../../../Engine/Plugins/Interchange/Runtime/Content/gltf/MaterialInstances/MI_Sheen_Opaque_DS.uasset" 241
"../../../Engine/Plugins/Interchange/Runtime/Content/gltf/MaterialInstances/MI_Sheen_Opaque_DS.uexp" 242
"../../../Engine/Plugins/Interchange/Runtime/Content/gltf/MaterialInstances/MI_Sheen_Opaque.uasset" 243
"../../../Engine/Plugins/Interchange/Runtime/Content/gltf/MaterialInstances/MI_Sheen_Opaque.uexp" 244
"../../../Engine/Plugins/Interchange/Runtime/Content/gltf/MaterialInstances/MI_Sheen_Mask_DS.uasset" 245
"../../../Engine/Plugins/Interchange/Runtime/Content/gltf/MaterialInstances/MI_Sheen_Mask_DS.uexp" 246
"../../../Engine/Plugins/Interchange/Runtime/Content/gltf/MaterialInstances/MI_Sheen_Mask.uasset" 247
"../../../Engine/Plugins/Interchange/Runtime/Content/gltf/MaterialInstances/MI_Sheen_Mask.uexp" 248
"../../../Engine/Plugins/Interchange/Runtime/Content/gltf/MaterialInstances/MI_Sheen_Blend_DS.uasset" 249
"../../../Engine/Plugins/Interchange/Runtime/Content/gltf/MaterialInstances/MI_Sheen_Blend_DS.uexp" 250
"../../../Engine/Plugins/Interchange/Runtime/Content/gltf/MaterialInstances/MI_Sheen_Blend.uasset" 251
"../../../Engine/Plugins/Interchange/Runtime/Content/gltf/MaterialInstances/MI_Sheen_Blend.uexp" 252
"../../../Engine/Plugins/Interchange/Runtime/Content/gltf/MaterialBodies/MF_Default_Body.uasset" 253
"../../../Engine/Plugins/Interchange/Runtime/Content/gltf/MaterialBodies/MF_Default_Body.uexp" 254
"../../../Engine/Plugins/Interchange/Runtime/Content/gltf/M_Default.uasset" 255
"../../../Engine/Plugins/Interchange/Runtime/Content/gltf/M_Default.uexp" 256
"../../../Engine/Plugins/Interchange/Runtime/Content/gltf/MaterialInstances/MI_Default_Opaque_DS.uasset" 257
"../../../Engine/Plugins/Interchange/Runtime/Content/gltf/MaterialInstances/MI_Default_Opaque_DS.uexp" 258
"../../../Engine/Plugins/Interchange/Runtime/Content/gltf/MaterialInstances/MI_Default_Opaque.uasset" 259
"../../../Engine/Plugins/Interchange/Runtime/Content/gltf/MaterialInstances/MI_Default_Opaque.uexp" 260
"../../../Engine/Plugins/Interchange/Runtime/Content/gltf/MaterialInstances/MI_Default_Mask_DS.uasset" 261
"../../../Engine/Plugins/Interchange/Runtime/Content/gltf/MaterialInstances/MI_Default_Mask_DS.uexp" 262
"../../../Engine/Plugins/Interchange/Runtime/Content/gltf/MaterialInstances/MI_Default_Mask.uasset" 263
"../../../Engine/Plugins/Interchange/Runtime/Content/gltf/MaterialInstances/MI_Default_Mask.uexp" 264
"../../../Engine/Plugins/Interchange/Runtime/Content/gltf/MaterialInstances/MI_Default_Blend_DS.uasset" 265
"../../../Engine/Plugins/Interchange/Runtime/Content/gltf/MaterialInstances/MI_Default_Blend_DS.uexp" 266
"../../../Engine/Plugins/Interchange/Runtime/Content/gltf/MaterialInstances/MI_Default_Blend.uasset" 267
"../../../Engine/Plugins/Interchange/Runtime/Content/gltf/MaterialInstances/MI_Default_Blend.uexp" 268
"../../../Engine/Content/Functions/Engine_MaterialFunctions01/Texturing/FlattenNormal.uasset" 269
"../../../Engine/Content/Functions/Engine_MaterialFunctions01/Texturing/FlattenNormal.uexp" 270
"../../../Engine/Plugins/Interchange/Runtime/Content/gltf/MaterialFunctions/MF_Clearcoat.uasset" 271
"../../../Engine/Plugins/Interchange/Runtime/Content/gltf/MaterialFunctions/MF_Clearcoat.uexp" 272
"../../../Engine/Plugins/Interchange/Runtime/Content/gltf/MaterialBodies/MF_ClearCoat_Body.uasset" 273
"../../../Engine/Plugins/Interchange/Runtime/Content/gltf/MaterialBodies/MF_ClearCoat_Body.uexp" 274
"../../../Engine/Plugins/Interchange/Runtime/Content/gltf/M_ClearCoat.uasset" 275
"../../../Engine/Plugins/Interchange/Runtime/Content/gltf/M_ClearCoat.uexp" 276
"../../../Engine/Plugins/Interchange/Runtime/Content/gltf/MaterialInstances/MI_ClearCoat_Opaque_DS.uasset" 277
"../../../Engine/Plugins/Interchange/Runtime/Content/gltf/MaterialInstances/MI_ClearCoat_Opaque_DS.uexp" 278
"../../../Engine/Plugins/Interchange/Runtime/Content/gltf/MaterialInstances/MI_ClearCoat_Opaque.uasset" 279
"../../../Engine/Plugins/Interchange/Runtime/Content/gltf/MaterialInstances/MI_ClearCoat_Opaque.uexp" 280
"../../../Engine/Plugins/Interchange/Runtime/Content/gltf/MaterialInstances/MI_ClearCoat_Mask_DS.uasset" 281
"../../../Engine/Plugins/Interchange/Runtime/Content/gltf/MaterialInstances/MI_ClearCoat_Mask_DS.uexp" 282
"../../../Engine/Plugins/Interchange/Runtime/Content/gltf/MaterialInstances/MI_ClearCoat_Mask.uasset" 283
"../../../Engine/Plugins/Interchange/Runtime/Content/gltf/MaterialInstances/MI_ClearCoat_Mask.uexp" 284
"../../../Engine/Plugins/Interchange/Runtime/Content/gltf/MaterialInstances/MI_ClearCoat_Blend_DS.uasset" 285
"../../../Engine/Plugins/Interchange/Runtime/Content/gltf/MaterialInstances/MI_ClearCoat_Blend_DS.uexp" 286
"../../../Engine/Plugins/Interchange/Runtime/Content/gltf/MaterialInstances/MI_ClearCoat_Blend.uasset" 287
"../../../Engine/Plugins/Interchange/Runtime/Content/gltf/MaterialInstances/MI_ClearCoat_Blend.uexp" 288
"../../../Engine/Plugins/Interchange/Runtime/Content/Functions/MX_UsdPreviewSurface.uasset" 289
"../../../Engine/Plugins/Interchange/Runtime/Content/Functions/MX_UsdPreviewSurface.uexp" 290
"../../../Engine/Plugins/Interchange/Runtime/Content/Functions/MX_UniformEDF.uasset" 291
"../../../Engine/Plugins/Interchange/Runtime/Content/Functions/MX_UniformEDF.uexp" 292
"../../../Engine/Plugins/Interchange/Runtime/Content/Functions/MX_TranslucentBSDF.uasset" 293
"../../../Engine/Plugins/Interchange/Runtime/Content/Functions/MX_TranslucentBSDF.uexp" 294
"../../../Engine/Plugins/Interchange/Runtime/Content/Functions/MX_ThinFilmBSDF.uasset" 295
"../../../Engine/Plugins/Interchange/Runtime/Content/Functions/MX_ThinFilmBSDF.uexp" 296
"../../../Engine/Plugins/Interchange/Runtime/Content/Functions/MX_SurfaceUnlit.uasset" 297
"../../../Engine/Plugins/Interchange/Runtime/Content/Functions/MX_SurfaceUnlit.uexp" 298
"../../../Engine/Plugins/Interchange/Runtime/Content/Functions/MX_Surface.uasset" 299
"../../../Engine/Plugins/Interchange/Runtime/Content/Functions/MX_Surface.uexp" 300
"../../../Engine/Plugins/Interchange/Runtime/Content/Functions/MX_SubsurfaceBSDF.uasset" 301
"../../../Engine/Plugins/Interchange/Runtime/Content/Functions/MX_SubsurfaceBSDF.uexp" 302
"../../../Engine/Plugins/Interchange/Runtime/Content/Functions/MX_SheenBSDF.uasset" 303
"../../../Engine/Plugins/Interchange/Runtime/Content/Functions/MX_SheenBSDF.uexp" 304
"../../../Engine/Plugins/Interchange/Runtime/Content/Functions/MX_OrenNayarBSDF.uasset" 305
"../../../Engine/Plugins/Interchange/Runtime/Content/Functions/MX_OrenNayarBSDF.uexp" 306
"../../../Engine/Content/Functions/Engine_MaterialFunctions01/Volumetrics/BeersLaw.uasset" 307
"../../../Engine/Content/Functions/Engine_MaterialFunctions01/Volumetrics/BeersLaw.uexp" 308
"../../../Engine/Plugins/Interchange/Runtime/Content/Functions/MX_Transmission.uasset" 309
"../../../Engine/Plugins/Interchange/Runtime/Content/Functions/MX_Transmission.uexp" 310
"../../../Engine/Plugins/Interchange/Runtime/Content/Functions/MF_OrenNayerView.uasset" 311
"../../../Engine/Plugins/Interchange/Runtime/Content/Functions/MF_OrenNayerView.uexp" 312
"../../../Engine/Plugins/Interchange/Runtime/Content/Functions/MF_SchlickApprox.uasset" 313
"../../../Engine/Plugins/Interchange/Runtime/Content/Functions/MF_SchlickApprox.uexp" 314
"../../../Engine/Plugins/Interchange/Runtime/Content/Functions/MX_StandardSurface.uasset" 315
"../../../Engine/Plugins/Interchange/Runtime/Content/Functions/MX_StandardSurface.uexp" 316
"../../../Engine/Plugins/Interchange/Runtime/Content/Functions/MX_TransmissionSurface.uasset" 317
"../../../Engine/Plugins/Interchange/Runtime/Content/Functions/MX_TransmissionSurface.uexp" 318
"../../../Engine/Plugins/Interchange/Runtime/Content/Functions/MX_OpenPBR_Translucent.uasset" 319
"../../../Engine/Plugins/Interchange/Runtime/Content/Functions/MX_OpenPBR_Translucent.uexp" 320
"../../../Engine/Plugins/Interchange/Runtime/Content/Functions/MX_OpenPBR_Opaque.uasset" 321
"../../../Engine/Plugins/Interchange/Runtime/Content/Functions/MX_OpenPBR_Opaque.uexp" 322
"../../../Engine/Plugins/Interchange/Runtime/Content/Functions/MX_MeasuredEDF.uasset" 323
"../../../Engine/Plugins/Interchange/Runtime/Content/Functions/MX_MeasuredEDF.uexp" 324
"../../../Engine/Plugins/Interchange/Runtime/Content/Functions/MX_GeneralizedSchlickBSDF.uasset" 325
"../../../Engine/Plugins/Interchange/Runtime/Content/Functions/MX_GeneralizedSchlickBSDF.uexp" 326
"../../../Engine/Plugins/Interchange/Runtime/Content/Functions/MX_DielectricBSDF.uasset" 327
"../../../Engine/Plugins/Interchange/Runtime/Content/Functions/MX_DielectricBSDF.uexp" 328
"../../../Engine/Plugins/Interchange/Runtime/Content/Functions/MX_ConicalEDF.uasset" 329
"../../../Engine/Plugins/Interchange/Runtime/Content/Functions/MX_ConicalEDF.uexp" 330
"../../../Engine/Plugins/Interchange/Runtime/Content/Functions/MX_ConductorBSDF.uasset" 331
"../../../Engine/Plugins/Interchange/Runtime/Content/Functions/MX_ConductorBSDF.uexp" 332
"../../../Engine/Plugins/Interchange/Runtime/Content/Functions/MX_BurleyDiffuseBSDF.uasset" 333
"../../../Engine/Plugins/Interchange/Runtime/Content/Functions/MX_BurleyDiffuseBSDF.uexp" 334
"../../../Engine/Plugins/Interchange/Runtime/Content/Functions/MX_AnisotropicVDF.uasset" 335
"../../../Engine/Plugins/Interchange/Runtime/Content/Functions/MX_AnisotropicVDF.uexp" 336
"../../../Engine/Plugins/Interchange/Runtime/Content/Functions/MX_AbsorptionVDF.uasset" 337
"../../../Engine/Plugins/Interchange/Runtime/Content/Functions/MX_AbsorptionVDF.uexp" 338
"../../../Engine/Plugins/Editor/SpeedTreeImporter/Content/SpeedTree9/game_wind_noise.ubulk" 339
"../../../Engine/Plugins/Editor/SpeedTreeImporter/Content/SpeedTree9/game_wind_noise.uasset" 340
"../../../Engine/Plugins/Editor/SpeedTreeImporter/Content/SpeedTree9/game_wind_noise.uexp" 341
"../../../Engine/Plugins/Editor/SpeedTreeImporter/Content/SpeedTree9/UnpackDirection.uasset" 342
"../../../Engine/Plugins/Editor/SpeedTreeImporter/Content/SpeedTree9/UnpackDirection.uexp" 343
"../../../Engine/Content/Functions/Engine_MaterialFunctions02/ObjectLocalBounds.uasset" 344
"../../../Engine/Content/Functions/Engine_MaterialFunctions02/ObjectLocalBounds.uexp" 345
"../../../Engine/Content/Functions/Engine_MaterialFunctions02/UVs/BoundingBoxBased_0-1_UVW.uasset" 346
"../../../Engine/Content/Functions/Engine_MaterialFunctions02/UVs/BoundingBoxBased_0-1_UVW.uexp" 347
"../../../Engine/Content/Functions/Engine_MaterialFunctions02/Utility/VectorLength.uasset" 348
"../../../Engine/Content/Functions/Engine_MaterialFunctions02/Utility/VectorLength.uexp" 349
"../../../Engine/Plugins/Editor/SpeedTreeImporter/Content/SpeedTree9/UnpackInteger3.uasset" 350
"../../../Engine/Plugins/Editor/SpeedTreeImporter/Content/SpeedTree9/UnpackInteger3.uexp" 351
"../../../Engine/Plugins/Editor/SpeedTreeImporter/Content/SpeedTree9/SpeedTreeCameraFacing.uasset" 352
"../../../Engine/Plugins/Editor/SpeedTreeImporter/Content/SpeedTree9/SpeedTreeCameraFacing.uexp" 353
"../../../Engine/Content/Functions/Engine_MaterialFunctions02/WorldPositionOffset/ObjectScale.uasset" 354
"../../../Engine/Content/Functions/Engine_MaterialFunctions02/WorldPositionOffset/ObjectScale.uexp" 355
"../../../Engine/Content/Functions/Engine_MaterialFunctions02/SafeNormalize.uasset" 356
"../../../Engine/Content/Functions/Engine_MaterialFunctions02/SafeNormalize.uexp" 357
"../../../Engine/Plugins/Editor/SpeedTreeImporter/Content/SpeedTree9/SpeedTreeWindMotion.uasset" 358
"../../../Engine/Plugins/Editor/SpeedTreeImporter/Content/SpeedTree9/SpeedTreeWindMotion.uexp" 359
"../../../Engine/Plugins/Editor/SpeedTreeImporter/Content/SpeedTree9/SpeedTreeBranchMotion.uasset" 360
"../../../Engine/Plugins/Editor/SpeedTreeImporter/Content/SpeedTree9/SpeedTreeBranchMotion.uexp" 361
"../../../Engine/Plugins/Editor/SpeedTreeImporter/Content/SpeedTree9/SpeedTreeWind.uasset" 362
"../../../Engine/Plugins/Editor/SpeedTreeImporter/Content/SpeedTree9/SpeedTreeWind.uexp" 363
"../../../Engine/Plugins/Editor/SpeedTreeImporter/Content/SpeedTree9/EmptyNormal.uasset" 364
"../../../Engine/Plugins/Editor/SpeedTreeImporter/Content/SpeedTree9/EmptyNormal.uexp" 365
"../../../Engine/Plugins/Editor/SpeedTreeImporter/Content/SpeedTree9/Empty.uasset" 366
"../../../Engine/Plugins/Editor/SpeedTreeImporter/Content/SpeedTree9/Empty.uexp" 367
"../../../Engine/Plugins/Editor/SpeedTreeImporter/Content/SpeedTree9/SpeedTreeMaster.uasset" 368
"../../../Engine/Plugins/Editor/SpeedTreeImporter/Content/SpeedTree9/SpeedTreeMaster.uexp" 369
"../../../Engine/Plugins/Editor/SpeedTreeImporter/Content/SpeedTree9/SpeedTreeBillboard.uasset" 370
"../../../Engine/Plugins/Editor/SpeedTreeImporter/Content/SpeedTree9/SpeedTreeBillboard.uexp" 371
"../../../Engine/Plugins/Editor/SpeedTreeImporter/Content/SpeedTree9/SpeedTreeBillboardMaster.uasset" 372
"../../../Engine/Plugins/Editor/SpeedTreeImporter/Content/SpeedTree9/SpeedTreeBillboardMaster.uexp" 373
"../../../Engine/Content/Functions/Engine_MaterialFunctions02/WorldPositionOffset/CameraOffset.uasset" 374
"../../../Engine/Content/Functions/Engine_MaterialFunctions02/WorldPositionOffset/CameraOffset.uexp" 375
"../../../Engine/Plugins/Animation/ControlRig/Content/M_Manip.uasset" 376
"../../../Engine/Plugins/Animation/ControlRig/Content/M_Manip.uexp" 377
"../../../Engine/Plugins/Animation/ControlRig/Content/Controls/DefaultGizmoLibraryNormalized.uasset" 378
"../../../Engine/Plugins/Animation/ControlRig/Content/Controls/DefaultGizmoLibraryNormalized.uexp" 379
"../../../Engine/Plugins/Animation/ControlRig/Content/Controls/ControlRig_Wedge_solid.ubulk" 380
"../../../Engine/Plugins/Animation/ControlRig/Content/Controls/ControlRig_Wedge_solid.uasset" 381
"../../../Engine/Plugins/Animation/ControlRig/Content/Controls/ControlRig_Wedge_solid.uexp" 382
"../../../Engine/Plugins/Animation/ControlRig/Content/Controls/ControlRig_Wedge_3mm.ubulk" 383
"../../../Engine/Plugins/Animation/ControlRig/Content/Controls/ControlRig_Wedge_3mm.uasset" 384
"../../../Engine/Plugins/Animation/ControlRig/Content/Controls/ControlRig_Wedge_3mm.uexp" 385
"../../../Engine/Plugins/Animation/ControlRig/Content/Controls/ControlRig_Wedge_1mm.ubulk" 386
"../../../Engine/Plugins/Animation/ControlRig/Content/Controls/ControlRig_Wedge_1mm.uasset" 387
"../../../Engine/Plugins/Animation/ControlRig/Content/Controls/ControlRig_Wedge_1mm.uexp" 388
"../../../Engine/Plugins/Animation/ControlRig/Content/Controls/ControlRig_Triangle_solid.ubulk" 389
"../../../Engine/Plugins/Animation/ControlRig/Content/Controls/ControlRig_Triangle_solid.uasset" 390
"../../../Engine/Plugins/Animation/ControlRig/Content/Controls/ControlRig_Triangle_solid.uexp" 391
"../../../Engine/Plugins/Animation/ControlRig/Content/Controls/ControlRig_Triangle_3mm.ubulk" 392
"../../../Engine/Plugins/Animation/ControlRig/Content/Controls/ControlRig_Triangle_3mm.uasset" 393
"../../../Engine/Plugins/Animation/ControlRig/Content/Controls/ControlRig_Triangle_3mm.uexp" 394
"../../../Engine/Plugins/Animation/ControlRig/Content/Controls/ControlRig_Triangle_1mm.ubulk" 395
"../../../Engine/Plugins/Animation/ControlRig/Content/Controls/ControlRig_Triangle_1mm.uasset" 396
"../../../Engine/Plugins/Animation/ControlRig/Content/Controls/ControlRig_Triangle_1mm.uexp" 397
"../../../Engine/Plugins/Animation/ControlRig/Content/Controls/ControlRig_Star4_solid.ubulk" 398
"../../../Engine/Plugins/Animation/ControlRig/Content/Controls/ControlRig_Star4_solid.uasset" 399
"../../../Engine/Plugins/Animation/ControlRig/Content/Controls/ControlRig_Star4_solid.uexp" 400
"../../../Engine/Plugins/Animation/ControlRig/Content/Controls/ControlRig_Star4_3mm.ubulk" 401
"../../../Engine/Plugins/Animation/ControlRig/Content/Controls/ControlRig_Star4_3mm.uasset" 402
"../../../Engine/Plugins/Animation/ControlRig/Content/Controls/ControlRig_Star4_3mm.uexp" 403
"../../../Engine/Plugins/Animation/ControlRig/Content/Controls/ControlRig_Star4_1mm.ubulk" 404
"../../../Engine/Plugins/Animation/ControlRig/Content/Controls/ControlRig_Star4_1mm.uasset" 405
"../../../Engine/Plugins/Animation/ControlRig/Content/Controls/ControlRig_Star4_1mm.uexp" 406
"../../../Engine/Plugins/Animation/ControlRig/Content/Controls/ControlRig_Square_solid.ubulk" 407
"../../../Engine/Plugins/Animation/ControlRig/Content/Controls/ControlRig_Square_solid.uasset" 408
"../../../Engine/Plugins/Animation/ControlRig/Content/Controls/ControlRig_Square_solid.uexp" 409
"../../../Engine/Plugins/Animation/ControlRig/Content/Controls/ControlRig_Square_3mm.ubulk" 410
"../../../Engine/Plugins/Animation/ControlRig/Content/Controls/ControlRig_Square_3mm.uasset" 411
"../../../Engine/Plugins/Animation/ControlRig/Content/Controls/ControlRig_Square_3mm.uexp" 412
"../../../Engine/Plugins/Animation/ControlRig/Content/Controls/ControlRig_Square_1mm.ubulk" 413
"../../../Engine/Plugins/Animation/ControlRig/Content/Controls/ControlRig_Square_1mm.uasset" 414
"../../../Engine/Plugins/Animation/ControlRig/Content/Controls/ControlRig_Square_1mm.uexp" 415
"../../../Engine/Plugins/Animation/ControlRig/Content/Controls/ControlRig_Sphere_solid.ubulk" 416
"../../../Engine/Plugins/Animation/ControlRig/Content/Controls/ControlRig_Sphere_solid.uasset" 417
"../../../Engine/Plugins/Animation/ControlRig/Content/Controls/ControlRig_Sphere_solid.uexp" 418
"../../../Engine/Plugins/Animation/ControlRig/Content/Controls/ControlRig_Sphere_3mm.ubulk" 419
"../../../Engine/Plugins/Animation/ControlRig/Content/Controls/ControlRig_Sphere_3mm.uasset" 420
"../../../Engine/Plugins/Animation/ControlRig/Content/Controls/ControlRig_Sphere_3mm.uexp" 421
"../../../Engine/Plugins/Animation/ControlRig/Content/Controls/ControlRig_Sphere_1mm.ubulk" 422
"../../../Engine/Plugins/Animation/ControlRig/Content/Controls/ControlRig_Sphere_1mm.uasset" 423
"../../../Engine/Plugins/Animation/ControlRig/Content/Controls/ControlRig_Sphere_1mm.uexp" 424
"../../../Engine/Plugins/Animation/ControlRig/Content/Controls/ControlRig_RoundedTriangle_solid.ubulk" 425
"../../../Engine/Plugins/Animation/ControlRig/Content/Controls/ControlRig_RoundedTriangle_solid.uasset" 426
"../../../Engine/Plugins/Animation/ControlRig/Content/Controls/ControlRig_RoundedTriangle_solid.uexp" 427
"../../../Engine/Plugins/Animation/ControlRig/Content/Controls/ControlRig_RoundedTriangle_3mm.ubulk" 428
"../../../Engine/Plugins/Animation/ControlRig/Content/Controls/ControlRig_RoundedTriangle_3mm.uasset" 429
"../../../Engine/Plugins/Animation/ControlRig/Content/Controls/ControlRig_RoundedTriangle_3mm.uexp" 430
"../../../Engine/Plugins/Animation/ControlRig/Content/Controls/ControlRig_RoundedTriangle_1mm.ubulk" 431
"../../../Engine/Plugins/Animation/ControlRig/Content/Controls/ControlRig_RoundedTriangle_1mm.uasset" 432
"../../../Engine/Plugins/Animation/ControlRig/Content/Controls/ControlRig_RoundedTriangle_1mm.uexp" 433
"../../../Engine/Plugins/Animation/ControlRig/Content/Controls/ControlRig_RoundedSquare_solid.ubulk" 434
"../../../Engine/Plugins/Animation/ControlRig/Content/Controls/ControlRig_RoundedSquare_solid.uasset" 435
"../../../Engine/Plugins/Animation/ControlRig/Content/Controls/ControlRig_RoundedSquare_solid.uexp" 436
"../../../Engine/Plugins/Animation/ControlRig/Content/Controls/ControlRig_RoundedSquare_3mm.ubulk" 437
"../../../Engine/Plugins/Animation/ControlRig/Content/Controls/ControlRig_RoundedSquare_3mm.uasset" 438
"../../../Engine/Plugins/Animation/ControlRig/Content/Controls/ControlRig_RoundedSquare_3mm.uexp" 439
"../../../Engine/Plugins/Animation/ControlRig/Content/Controls/ControlRig_RoundedSquare_1mm.ubulk" 440
"../../../Engine/Plugins/Animation/ControlRig/Content/Controls/ControlRig_RoundedSquare_1mm.uasset" 441
"../../../Engine/Plugins/Animation/ControlRig/Content/Controls/ControlRig_RoundedSquare_1mm.uexp" 442
"../../../Engine/Plugins/Animation/ControlRig/Content/Controls/ControlRig_QuarterCircle_solid.ubulk" 443
"../../../Engine/Plugins/Animation/ControlRig/Content/Controls/ControlRig_QuarterCircle_solid.uasset" 444
"../../../Engine/Plugins/Animation/ControlRig/Content/Controls/ControlRig_QuarterCircle_solid.uexp" 445
"../../../Engine/Plugins/Animation/ControlRig/Content/Controls/ControlRig_QuarterCircle_3mm.ubulk" 446
"../../../Engine/Plugins/Animation/ControlRig/Content/Controls/ControlRig_QuarterCircle_3mm.uasset" 447
"../../../Engine/Plugins/Animation/ControlRig/Content/Controls/ControlRig_QuarterCircle_3mm.uexp" 448
"../../../Engine/Plugins/Animation/ControlRig/Content/Controls/ControlRig_QuarterCircle_1mm.ubulk" 449
"../../../Engine/Plugins/Animation/ControlRig/Content/Controls/ControlRig_QuarterCircle_1mm.uasset" 450
"../../../Engine/Plugins/Animation/ControlRig/Content/Controls/ControlRig_QuarterCircle_1mm.uexp" 451
"../../../Engine/Plugins/Animation/ControlRig/Content/Controls/ControlRig_Pyramid_solid.ubulk" 452
"../../../Engine/Plugins/Animation/ControlRig/Content/Controls/ControlRig_Pyramid_solid.uasset" 453
"../../../Engine/Plugins/Animation/ControlRig/Content/Controls/ControlRig_Pyramid_solid.uexp" 454
"../../../Engine/Plugins/Animation/ControlRig/Content/Controls/ControlRig_Pyramid_3mm.ubulk" 455
"../../../Engine/Plugins/Animation/ControlRig/Content/Controls/ControlRig_Pyramid_3mm.uasset" 456
"../../../Engine/Plugins/Animation/ControlRig/Content/Controls/ControlRig_Pyramid_3mm.uexp" 457
"../../../Engine/Plugins/Animation/ControlRig/Content/Controls/ControlRig_Pyramid_1mm.ubulk" 458
"../../../Engine/Plugins/Animation/ControlRig/Content/Controls/ControlRig_Pyramid_1mm.uasset" 459
"../../../Engine/Plugins/Animation/ControlRig/Content/Controls/ControlRig_Pyramid_1mm.uexp" 460
"../../../Engine/Plugins/Animation/ControlRig/Content/Controls/ControlRig_Octagon_solid.ubulk" 461
"../../../Engine/Plugins/Animation/ControlRig/Content/Controls/ControlRig_Octagon_solid.uasset" 462
"../../../Engine/Plugins/Animation/ControlRig/Content/Controls/ControlRig_Octagon_solid.uexp" 463
"../../../Engine/Plugins/Animation/ControlRig/Content/Controls/ControlRig_Octagon_3mm.ubulk" 464
"../../../Engine/Plugins/Animation/ControlRig/Content/Controls/ControlRig_Octagon_3mm.uasset" 465
"../../../Engine/Plugins/Animation/ControlRig/Content/Controls/ControlRig_Octagon_3mm.uexp" 466
"../../../Engine/Plugins/Animation/ControlRig/Content/Controls/ControlRig_Octagon_1mm.ubulk" 467
"../../../Engine/Plugins/Animation/ControlRig/Content/Controls/ControlRig_Octagon_1mm.uasset" 468
"../../../Engine/Plugins/Animation/ControlRig/Content/Controls/ControlRig_Octagon_1mm.uexp" 469
"../../../Engine/Plugins/Animation/ControlRig/Content/Controls/ControlRig_Hexagon_solid.ubulk" 470
"../../../Engine/Plugins/Animation/ControlRig/Content/Controls/ControlRig_Hexagon_solid.uasset" 471
"../../../Engine/Plugins/Animation/ControlRig/Content/Controls/ControlRig_Hexagon_solid.uexp" 472
"../../../Engine/Plugins/Animation/ControlRig/Content/Controls/ControlRig_Hexagon_3mm.ubulk" 473
"../../../Engine/Plugins/Animation/ControlRig/Content/Controls/ControlRig_Hexagon_3mm.uasset" 474
"../../../Engine/Plugins/Animation/ControlRig/Content/Controls/ControlRig_Hexagon_3mm.uexp" 475
"../../../Engine/Plugins/Animation/ControlRig/Content/Controls/ControlRig_Hexagon_1mm.ubulk" 476
"../../../Engine/Plugins/Animation/ControlRig/Content/Controls/ControlRig_Hexagon_1mm.uasset" 477
"../../../Engine/Plugins/Animation/ControlRig/Content/Controls/ControlRig_Hexagon_1mm.uexp" 478
"../../../Engine/Plugins/Animation/ControlRig/Content/Controls/ControlRig_HalfCircle_solid.ubulk" 479
"../../../Engine/Plugins/Animation/ControlRig/Content/Controls/ControlRig_HalfCircle_solid.uasset" 480
"../../../Engine/Plugins/Animation/ControlRig/Content/Controls/ControlRig_HalfCircle_solid.uexp" 481
"../../../Engine/Plugins/Animation/ControlRig/Content/Controls/ControlRig_HalfCircle_3mm.ubulk" 482
"../../../Engine/Plugins/Animation/ControlRig/Content/Controls/ControlRig_HalfCircle_3mm.uasset" 483
"../../../Engine/Plugins/Animation/ControlRig/Content/Controls/ControlRig_HalfCircle_3mm.uexp" 484
"../../../Engine/Plugins/Animation/ControlRig/Content/Controls/ControlRig_HalfCircle_1mm.ubulk" 485
"../../../Engine/Plugins/Animation/ControlRig/Content/Controls/ControlRig_HalfCircle_1mm.uasset" 486
"../../../Engine/Plugins/Animation/ControlRig/Content/Controls/ControlRig_HalfCircle_1mm.uexp" 487
"../../../Engine/Plugins/Animation/ControlRig/Content/Controls/ControlRig_Diamond_solid.ubulk" 488
"../../../Engine/Plugins/Animation/ControlRig/Content/Controls/ControlRig_Diamond_solid.uasset" 489
"../../../Engine/Plugins/Animation/ControlRig/Content/Controls/ControlRig_Diamond_solid.uexp" 490
"../../../Engine/Plugins/Animation/ControlRig/Content/Controls/ControlRig_Diamond_3mm.ubulk" 491
"../../../Engine/Plugins/Animation/ControlRig/Content/Controls/ControlRig_Diamond_3mm.uasset" 492
"../../../Engine/Plugins/Animation/ControlRig/Content/Controls/ControlRig_Diamond_3mm.uexp" 493
"../../../Engine/Plugins/Animation/ControlRig/Content/Controls/ControlRig_Diamond_1mm.ubulk" 494
"../../../Engine/Plugins/Animation/ControlRig/Content/Controls/ControlRig_Diamond_1mm.uasset" 495
"../../../Engine/Plugins/Animation/ControlRig/Content/Controls/ControlRig_Diamond_1mm.uexp" 496
"../../../Engine/Plugins/Animation/ControlRig/Content/Controls/ControlRig_Circle_solid.ubulk" 497
"../../../Engine/Plugins/Animation/ControlRig/Content/Controls/ControlRig_Circle_solid.uasset" 498
"../../../Engine/Plugins/Animation/ControlRig/Content/Controls/ControlRig_Circle_solid.uexp" 499
"../../../Engine/Plugins/Animation/ControlRig/Content/Controls/ControlRig_Circle_3mm.ubulk" 500
"../../../Engine/Plugins/Animation/ControlRig/Content/Controls/ControlRig_Circle_3mm.uasset" 501
"../../../Engine/Plugins/Animation/ControlRig/Content/Controls/ControlRig_Circle_3mm.uexp" 502
"../../../Engine/Plugins/Animation/ControlRig/Content/Controls/ControlRig_Circle_1mm.ubulk" 503
"../../../Engine/Plugins/Animation/ControlRig/Content/Controls/ControlRig_Circle_1mm.uasset" 504
"../../../Engine/Plugins/Animation/ControlRig/Content/Controls/ControlRig_Circle_1mm.uexp" 505
"../../../Engine/Plugins/Animation/ControlRig/Content/Controls/ControlRig_Box_solid.ubulk" 506
"../../../Engine/Plugins/Animation/ControlRig/Content/Controls/ControlRig_Box_solid.uasset" 507
"../../../Engine/Plugins/Animation/ControlRig/Content/Controls/ControlRig_Box_solid.uexp" 508
"../../../Engine/Plugins/Animation/ControlRig/Content/Controls/ControlRig_Box_3mm.ubulk" 509
"../../../Engine/Plugins/Animation/ControlRig/Content/Controls/ControlRig_Box_3mm.uasset" 510
"../../../Engine/Plugins/Animation/ControlRig/Content/Controls/ControlRig_Box_3mm.uexp" 511
"../../../Engine/Plugins/Animation/ControlRig/Content/Controls/ControlRig_Box_1mm.ubulk" 512
"../../../Engine/Plugins/Animation/ControlRig/Content/Controls/ControlRig_Box_1mm.uasset" 513
"../../../Engine/Plugins/Animation/ControlRig/Content/Controls/ControlRig_Box_1mm.uexp" 514
"../../../Engine/Plugins/Animation/ControlRig/Content/Controls/ControlRig_Arrow_solid.ubulk" 515
"../../../Engine/Plugins/Animation/ControlRig/Content/Controls/ControlRig_Arrow_solid.uasset" 516
"../../../Engine/Plugins/Animation/ControlRig/Content/Controls/ControlRig_Arrow_solid.uexp" 517
"../../../Engine/Plugins/Animation/ControlRig/Content/Controls/ControlRig_Arrow_3mm.ubulk" 518
"../../../Engine/Plugins/Animation/ControlRig/Content/Controls/ControlRig_Arrow_3mm.uasset" 519
"../../../Engine/Plugins/Animation/ControlRig/Content/Controls/ControlRig_Arrow_3mm.uexp" 520
"../../../Engine/Plugins/Animation/ControlRig/Content/Controls/ControlRig_Arrow_1mm.ubulk" 521
"../../../Engine/Plugins/Animation/ControlRig/Content/Controls/ControlRig_Arrow_1mm.uasset" 522
"../../../Engine/Plugins/Animation/ControlRig/Content/Controls/ControlRig_Arrow_1mm.uexp" 523
"../../../Engine/Plugins/Animation/ControlRig/Content/Controls/ControlRig_Arrow4_solid.ubulk" 524
"../../../Engine/Plugins/Animation/ControlRig/Content/Controls/ControlRig_Arrow4_solid.uasset" 525
"../../../Engine/Plugins/Animation/ControlRig/Content/Controls/ControlRig_Arrow4_solid.uexp" 526
"../../../Engine/Plugins/Animation/ControlRig/Content/Controls/ControlRig_Arrow4_3mm.ubulk" 527
"../../../Engine/Plugins/Animation/ControlRig/Content/Controls/ControlRig_Arrow4_3mm.uasset" 528
"../../../Engine/Plugins/Animation/ControlRig/Content/Controls/ControlRig_Arrow4_3mm.uexp" 529
"../../../Engine/Plugins/Animation/ControlRig/Content/Controls/ControlRig_Arrow4_1mm.ubulk" 530
"../../../Engine/Plugins/Animation/ControlRig/Content/Controls/ControlRig_Arrow4_1mm.uasset" 531
"../../../Engine/Plugins/Animation/ControlRig/Content/Controls/ControlRig_Arrow4_1mm.uexp" 532
"../../../Engine/Plugins/Animation/ControlRig/Content/Controls/ControlRig_Arrow2_solid.ubulk" 533
"../../../Engine/Plugins/Animation/ControlRig/Content/Controls/ControlRig_Arrow2_solid.uasset" 534
"../../../Engine/Plugins/Animation/ControlRig/Content/Controls/ControlRig_Arrow2_solid.uexp" 535
"../../../Engine/Plugins/Animation/ControlRig/Content/Controls/ControlRig_Arrow2_3mm.ubulk" 536
"../../../Engine/Plugins/Animation/ControlRig/Content/Controls/ControlRig_Arrow2_3mm.uasset" 537
"../../../Engine/Plugins/Animation/ControlRig/Content/Controls/ControlRig_Arrow2_3mm.uexp" 538
"../../../Engine/Plugins/Animation/ControlRig/Content/Controls/ControlRig_Arrow2_1mm.ubulk" 539
"../../../Engine/Plugins/Animation/ControlRig/Content/Controls/ControlRig_Arrow2_1mm.uasset" 540
"../../../Engine/Plugins/Animation/ControlRig/Content/Controls/ControlRig_Arrow2_1mm.uexp" 541
"../../../Engine/Plugins/Animation/ControlRig/Content/Controls/ControlRigXRayMaterial.uasset" 542
"../../../Engine/Plugins/Animation/ControlRig/Content/Controls/ControlRigXRayMaterial.uexp" 543
"../../../Engine/Plugins/Animation/ControlRig/Content/Controls/ControlRigGizmoMaterial.uasset" 544
"../../../Engine/Plugins/Animation/ControlRig/Content/Controls/ControlRigGizmoMaterial.uexp" 545
"../../../Engine/Plugins/Animation/ACLPlugin/Content/ACLAnimCurveCompressionSettings.uasset" 546
"../../../Engine/Plugins/Animation/ACLPlugin/Content/ACLAnimCurveCompressionSettings.uexp" 547
"../../../Engine/Plugins/Animation/ACLPlugin/Content/ACLAnimBoneCompressionSettings.uasset" 548
"../../../Engine/Plugins/Animation/ACLPlugin/Content/ACLAnimBoneCompressionSettings.uexp" 549
"../../../Engine/Plugins/2D/Paper2D/Content/PlaceholderTextures/DummySpriteTexture.ubulk" 550
"../../../Engine/Plugins/2D/Paper2D/Content/PlaceholderTextures/DummySpriteTexture.uasset" 551
"../../../Engine/Plugins/2D/Paper2D/Content/PlaceholderTextures/DummySpriteTexture.uexp" 552
"../../../Engine/Plugins/2D/Paper2D/Content/DefaultSpriteMaterial.uasset" 553
"../../../Engine/Plugins/2D/Paper2D/Content/DefaultSpriteMaterial.uexp" 554
"../../../Engine/Plugins/2D/Paper2D/Content/OpaqueUnlitSpriteMaterial.uasset" 555
"../../../Engine/Plugins/2D/Paper2D/Content/OpaqueUnlitSpriteMaterial.uexp" 556
"../../../Engine/Plugins/2D/Paper2D/Content/MaskedUnlitSpriteMaterial.uasset" 557
"../../../Engine/Plugins/2D/Paper2D/Content/MaskedUnlitSpriteMaterial.uexp" 558
"../../../Engine/Plugins/2D/Paper2D/Content/DummySprite.uasset" 559
"../../../Engine/Plugins/2D/Paper2D/Content/DummySprite.uexp" 560
"../../../Engine/Plugins/2D/Paper2D/Content/DefaultPaperTerrainMaterial.uasset" 561
"../../../Engine/Plugins/2D/Paper2D/Content/DefaultPaperTerrainMaterial.uexp" 562
"../../../Engine/Content/VREditor/TransformGizmo/StartRotationHandleIndicator.ubulk" 563
"../../../Engine/Content/VREditor/TransformGizmo/StartRotationHandleIndicator.uasset" 564
"../../../Engine/Content/VREditor/TransformGizmo/StartRotationHandleIndicator.uexp" 565
"../../../Engine/Content/VREditor/Sounds/UI/Drop_Item_From_ContentBrowser.ubulk" 566
"../../../Engine/Content/VREditor/Sounds/UI/Drop_Item_From_ContentBrowser.uasset" 567
"../../../Engine/Content/VREditor/Sounds/UI/Drop_Item_From_ContentBrowser.uexp" 568
"../../../Engine/Content/VREditor/TransformGizmo/PlaneTranslationHandle.ubulk" 569
"../../../Engine/Content/VREditor/TransformGizmo/PlaneTranslationHandle.uasset" 570
"../../../Engine/Content/VREditor/TransformGizmo/PlaneTranslationHandle.uexp" 571
"../../../Engine/Content/VREditor/Sounds/UI/Object_Snaps_To_Grid.ubulk" 572
"../../../Engine/Content/VREditor/Sounds/UI/Object_Snaps_To_Grid.uasset" 573
"../../../Engine/Content/VREditor/Sounds/UI/Object_Snaps_To_Grid.uexp" 574
"../../../Engine/Content/VREditor/Sounds/UI/Selection_Changes.ubulk" 575
"../../../Engine/Content/VREditor/Sounds/UI/Selection_Changes.uasset" 576
"../../../Engine/Content/VREditor/Sounds/UI/Selection_Changes.uexp" 577
"../../../Engine/Content/VREditor/Sounds/UI/Object_Snaps_To_Another_Actor.ubulk" 578
"../../../Engine/Content/VREditor/Sounds/UI/Object_Snaps_To_Another_Actor.uasset" 579
"../../../Engine/Content/VREditor/Sounds/UI/Object_Snaps_To_Another_Actor.uexp" 580
"../../../Engine/Content/VREditor/TransformGizmo/TranslucentTransformGizmoMaterial_Inst.uasset" 581
"../../../Engine/Content/VREditor/TransformGizmo/TranslucentTransformGizmoMaterial_Inst.uexp" 582
"../../../Engine/Content/VREditor/TransformGizmo/TransformGizmoFreeRotation.ubulk" 583
"../../../Engine/Content/VREditor/TransformGizmo/TransformGizmoFreeRotation.uasset" 584
"../../../Engine/Content/VREditor/TransformGizmo/TransformGizmoFreeRotation.uexp" 585
"../../../Engine/Content/VREditor/Sounds/UI/Scaling_Down.ubulk" 586
"../../../Engine/Content/VREditor/Sounds/UI/Scaling_Down.uasset" 587
"../../../Engine/Content/VREditor/Sounds/UI/Scaling_Down.uexp" 588
"../../../Engine/Content/Functions/Engine_MaterialFunctions02/SplitComponents.uasset" 589
"../../../Engine/Content/Functions/Engine_MaterialFunctions02/SplitComponents.uexp" 590
"../../../Engine/Content/VREditor/SnapGrid/SnapGridMaterial.uasset" 591
"../../../Engine/Content/VREditor/SnapGrid/SnapGridMaterial.uexp" 592
"../../../Engine/Content/VREditor/SnapGrid/SnapGridPlaneMesh.ubulk" 593
"../../../Engine/Content/VREditor/SnapGrid/SnapGridPlaneMesh.uasset" 594
"../../../Engine/Content/VREditor/SnapGrid/SnapGridPlaneMesh.uexp" 595
"../../../Engine/Content/VREditor/Sounds/UI/Scaling_Up.ubulk" 596
"../../../Engine/Content/VREditor/Sounds/UI/Scaling_Up.uasset" 597
"../../../Engine/Content/VREditor/Sounds/UI/Scaling_Up.uexp" 598
"../../../Engine/Content/VREditor/TransformGizmo/TransformGizmoMaterial_Inst.uasset" 599
"../../../Engine/Content/VREditor/TransformGizmo/TransformGizmoMaterial_Inst.uexp" 600
"../../../Engine/Content/VREditor/Sounds/UI/Gizmo_Handle_Clicked.ubulk" 601
"../../../Engine/Content/VREditor/Sounds/UI/Gizmo_Handle_Clicked.uasset" 602
"../../../Engine/Content/VREditor/Sounds/UI/Gizmo_Handle_Clicked.uexp" 603
"../../../Engine/Content/VREditor/TransformGizmo/RotationHandleQuarter.ubulk" 604
"../../../Engine/Content/VREditor/TransformGizmo/RotationHandleQuarter.uasset" 605
"../../../Engine/Content/VREditor/TransformGizmo/RotationHandleQuarter.uexp" 606
"../../../Engine/Content/VREditor/TransformGizmo/TranslateArrowHandle.ubulk" 607
"../../../Engine/Content/VREditor/TransformGizmo/TranslateArrowHandle.uasset" 608
"../../../Engine/Content/VREditor/TransformGizmo/TranslateArrowHandle.uexp" 609
"../../../Engine/Content/VREditor/TransformGizmo/RotationHandleIndicator.ubulk" 610
"../../../Engine/Content/VREditor/TransformGizmo/RotationHandleIndicator.uasset" 611
"../../../Engine/Content/VREditor/TransformGizmo/RotationHandleIndicator.uexp" 612
"../../../Engine/Content/VREditor/TransformGizmo/UniformScaleHandle.ubulk" 613
"../../../Engine/Content/VREditor/TransformGizmo/UniformScaleHandle.uasset" 614
"../../../Engine/Content/VREditor/TransformGizmo/UniformScaleHandle.uexp" 615
"../../../Engine/Content/VREditor/TransformGizmo/RotationHandleFull.ubulk" 616
"../../../Engine/Content/VREditor/TransformGizmo/RotationHandleFull.uasset" 617
"../../../Engine/Content/VREditor/TransformGizmo/RotationHandleFull.uexp" 618
"../../../Engine/Content/VREditor/Sounds/UI/Object_PickUp.ubulk" 619
"../../../Engine/Content/VREditor/Sounds/UI/Object_PickUp.uasset" 620
"../../../Engine/Content/VREditor/Sounds/UI/Object_PickUp.uexp" 621
"../../../Engine/Content/MobileResources/HUD/VirtualJoystick_Background.uasset" 622
"../../../Engine/Content/MobileResources/HUD/VirtualJoystick_Background.uexp" 623
"../../../Engine/Content/MobileResources/HUD/VirtualJoystick_Thumb.uasset" 624
"../../../Engine/Content/MobileResources/HUD/VirtualJoystick_Thumb.uexp" 625
"../../../Engine/Content/MobileResources/HUD/DefaultVirtualJoysticks.uasset" 626
"../../../Engine/Content/MobileResources/HUD/DefaultVirtualJoysticks.uexp" 627
"../../../Engine/Content/EngineSounds/Master.uasset" 628
"../../../Engine/Content/EngineSounds/Master.uexp" 629
"../../../Engine/Content/EngineSky/VolumetricClouds/CloudWeatherTexture.uasset" 630
"../../../Engine/Content/EngineSky/VolumetricClouds/CloudWeatherTexture.uexp" 631
"../../../Engine/Content/Functions/Engine_MaterialFunctions02/Utility/MakeFloat2.uasset" 632
"../../../Engine/Content/Functions/Engine_MaterialFunctions02/Utility/MakeFloat2.uexp" 633
"../../../Engine/Content/EngineSky/VolumetricClouds/CloudGradientTexture.uasset" 634
"../../../Engine/Content/EngineSky/VolumetricClouds/CloudGradientTexture.uexp" 635
"../../../Engine/Content/EngineSky/VolumetricClouds/T_NoiseShape64.ubulk" 636
"../../../Engine/Content/EngineSky/VolumetricClouds/T_NoiseShape64.uasset" 637
"../../../Engine/Content/EngineSky/VolumetricClouds/T_NoiseShape64.uexp" 638
"../../../Engine/Content/EngineSky/VolumetricClouds/T_VolumeNoiseShape64.uasset" 639
"../../../Engine/Content/EngineSky/VolumetricClouds/T_VolumeNoiseShape64.uexp" 640
"../../../Engine/Content/EngineSky/VolumetricClouds/T_NoiseErosion.ubulk" 641
"../../../Engine/Content/EngineSky/VolumetricClouds/T_NoiseErosion.uasset" 642
"../../../Engine/Content/EngineSky/VolumetricClouds/T_NoiseErosion.uexp" 643
"../../../Engine/Content/EngineSky/VolumetricClouds/T_VolumeNoiseErosion32.uasset" 644
"../../../Engine/Content/EngineSky/VolumetricClouds/T_VolumeNoiseErosion32.uexp" 645
"../../../Engine/Content/EngineSky/VolumetricClouds/m_SimpleVolumetricCloud.uasset" 646
"../../../Engine/Content/EngineSky/VolumetricClouds/m_SimpleVolumetricCloud.uexp" 647
"../../../Engine/Content/EngineSky/VolumetricClouds/m_SimpleVolumetricCloud_Inst.uasset" 648
"../../../Engine/Content/EngineSky/VolumetricClouds/m_SimpleVolumetricCloud_Inst.uexp" 649
"../../../Engine/Content/EngineResources/FilmGrains/Marcie_Grain_v3_128_M2_000.uasset" 650
"../../../Engine/Content/EngineResources/FilmGrains/Marcie_Grain_v3_128_M2_000.uexp" 651
"../../../Engine/Content/EngineResources/WhiteSquareTexture.uasset" 652
"../../../Engine/Content/EngineResources/WhiteSquareTexture.uexp" 653
"../../../Engine/Content/EngineMaterials/Widget3DPassThrough.uasset" 654
"../../../Engine/Content/EngineMaterials/Widget3DPassThrough.uexp" 655
"../../../Engine/Content/EngineMaterials/Widget3DPassThrough_Translucent.uasset" 656
"../../../Engine/Content/EngineMaterials/Widget3DPassThrough_Translucent.uexp" 657
"../../../Engine/Content/EngineMaterials/Widget3DPassThrough_Translucent_OneSided.uasset" 658
"../../../Engine/Content/EngineMaterials/Widget3DPassThrough_Translucent_OneSided.uexp" 659
"../../../Engine/Content/EngineMaterials/Widget3DPassThrough_Opaque.uasset" 660
"../../../Engine/Content/EngineMaterials/Widget3DPassThrough_Opaque.uexp" 661
"../../../Engine/Content/EngineMaterials/Widget3DPassThrough_Opaque_OneSided.uasset" 662
"../../../Engine/Content/EngineMaterials/Widget3DPassThrough_Opaque_OneSided.uexp" 663
"../../../Engine/Content/EngineMaterials/Widget3DPassThrough_Masked_OneSided.uasset" 664
"../../../Engine/Content/EngineMaterials/Widget3DPassThrough_Masked_OneSided.uexp" 665
"../../../Engine/Content/EngineMaterials/Widget3DPassThrough_Masked.uasset" 666
"../../../Engine/Content/EngineMaterials/Widget3DPassThrough_Masked.uexp" 667
"../../../Engine/Content/EngineMaterials/STBlueNoise_vec2_128x128x64.uasset" 668
"../../../Engine/Content/EngineMaterials/STBlueNoise_vec2_128x128x64.uexp" 669
"../../../Engine/Content/EngineMaterials/STBlueNoise_scalar_128x128x64.uasset" 670
"../../../Engine/Content/EngineMaterials/STBlueNoise_scalar_128x128x64.uexp" 671
"../../../Engine/Content/EngineMaterials/RemoveSurfaceMaterial.uasset" 672
"../../../Engine/Content/EngineMaterials/RemoveSurfaceMaterial.uexp" 673
"../../../Engine/Content/EngineMaterials/DefaultCalibrationGrayscale.uasset" 674
"../../../Engine/Content/EngineMaterials/DefaultCalibrationGrayscale.uexp" 675
"../../../Engine/Content/EngineMaterials/PPM_DefaultCalibrationGrayscale.uasset" 676
"../../../Engine/Content/EngineMaterials/PPM_DefaultCalibrationGrayscale.uexp" 677
"../../../Engine/Content/EngineMaterials/DefaultCalibrationColor.uasset" 678
"../../../Engine/Content/EngineMaterials/DefaultCalibrationColor.uexp" 679
"../../../Engine/Content/EngineMaterials/PPM_DefaultCalibrationColor.uasset" 680
"../../../Engine/Content/EngineMaterials/PPM_DefaultCalibrationColor.uexp" 681
"../../../Engine/Content/EngineMaterials/PhAT_JointLimitMaterial.uasset" 682
"../../../Engine/Content/EngineMaterials/PhAT_JointLimitMaterial.uexp" 683
"../../../Engine/Content/EngineMaterials/NaniteHiddenSectionMaterial.uasset" 684
"../../../Engine/Content/EngineMaterials/NaniteHiddenSectionMaterial.uexp" 685
"../../../Engine/Content/EngineMaterials/InvalidLightmapSettings.ubulk" 686
"../../../Engine/Content/EngineMaterials/InvalidLightmapSettings.uasset" 687
"../../../Engine/Content/EngineMaterials/InvalidLightmapSettings.uexp" 688
"../../../Engine/Content/EngineMaterials/M_InvalidLightmapSettings.uasset" 689
"../../../Engine/Content/EngineMaterials/M_InvalidLightmapSettings.uexp" 690
"../../../Engine/Content/EngineMaterials/GizmoMaterial.uasset" 691
"../../../Engine/Content/EngineMaterials/GizmoMaterial.uexp" 692
"../../../Engine/Content/EngineMaterials/BaseFlattenEmissiveMap_VT.uasset" 693
"../../../Engine/Content/EngineMaterials/BaseFlattenEmissiveMap_VT.uexp" 694
"../../../Engine/Content/EngineMaterials/BaseFlattenGrayscaleMap_VT.uasset" 695
"../../../Engine/Content/EngineMaterials/BaseFlattenGrayscaleMap_VT.uexp" 696
"../../../Engine/Content/EngineMaterials/BaseFlattenLinearColor_VT.uasset" 697
"../../../Engine/Content/EngineMaterials/BaseFlattenLinearColor_VT.uexp" 698
"../../../Engine/Content/EngineMaterials/Black_1x1_EXR_Texture_VT.uasset" 699
"../../../Engine/Content/EngineMaterials/Black_1x1_EXR_Texture_VT.uexp" 700
"../../../Engine/Content/EngineMaterials/BaseFlattenDiffuseMap_VT.uasset" 701
"../../../Engine/Content/EngineMaterials/BaseFlattenDiffuseMap_VT.uexp" 702
"../../../Engine/Content/EngineMaterials/BaseFlattenNormalMap_VT.uasset" 703
"../../../Engine/Content/EngineMaterials/BaseFlattenNormalMap_VT.uexp" 704
"../../../Engine/Content/EngineMaterials/FlattenMaterial_VT.uasset" 705
"../../../Engine/Content/EngineMaterials/FlattenMaterial_VT.uexp" 706
"../../../Engine/Content/EngineMaterials/BaseFlattenNormalMap.uasset" 707
"../../../Engine/Content/EngineMaterials/BaseFlattenNormalMap.uexp" 708
"../../../Engine/Content/EngineMaterials/BaseFlattenGrayscaleMap.uasset" 709
"../../../Engine/Content/EngineMaterials/BaseFlattenGrayscaleMap.uexp" 710
"../../../Engine/Content/EngineMaterials/BaseFlattenDiffuseMap.uasset" 711
"../../../Engine/Content/EngineMaterials/BaseFlattenDiffuseMap.uexp" 712
"../../../Engine/Content/Functions/Engine_MaterialFunctions02/PivotPainter2/Black_1x1_EXR_Texture.uasset" 713
"../../../Engine/Content/Functions/Engine_MaterialFunctions02/PivotPainter2/Black_1x1_EXR_Texture.uexp" 714
"../../../Engine/Content/EngineMaterials/BaseFlattenEmissiveMap.uasset" 715
"../../../Engine/Content/EngineMaterials/BaseFlattenEmissiveMap.uexp" 716
"../../../Engine/Content/EngineMaterials/BaseFlattenLinearColor.uasset" 717
"../../../Engine/Content/EngineMaterials/BaseFlattenLinearColor.uexp" 718
"../../../Engine/Content/EngineMaterials/FlattenMaterial.uasset" 719
"../../../Engine/Content/EngineMaterials/FlattenMaterial.uexp" 720
"../../../Engine/Content/EngineMaterials/DefaultWhiteGrid_Low.uasset" 721
"../../../Engine/Content/EngineMaterials/DefaultWhiteGrid_Low.uexp" 722
"../../../Engine/Content/EngineMaterials/EmissiveMeshMaterial.uasset" 723
"../../../Engine/Content/EngineMaterials/EmissiveMeshMaterial.uexp" 724
"../../../Engine/Content/EngineFonts/RobotoDistanceField.uasset" 725
"../../../Engine/Content/EngineFonts/RobotoDistanceField.uexp" 726
"../../../Engine/Content/EngineMaterials/DefaultTextMaterialOpaque.uasset" 727
"../../../Engine/Content/EngineMaterials/DefaultTextMaterialOpaque.uexp" 728
"../../../Engine/Content/EngineMaterials/DefaultDiffuse.ubulk" 729
"../../../Engine/Content/EngineMaterials/DefaultDiffuse.uasset" 730
"../../../Engine/Content/EngineMaterials/DefaultDiffuse.uexp" 731
"../../../Engine/Content/Functions/Engine_MaterialFunctions02/Utility/BreakOutFloat2Components.uasset" 732
"../../../Engine/Content/Functions/Engine_MaterialFunctions02/Utility/BreakOutFloat2Components.uexp" 733
"../../../Engine/Content/EngineMaterials/DefaultPostProcessMaterial.uasset" 734
"../../../Engine/Content/EngineMaterials/DefaultPostProcessMaterial.uexp" 735
"../../../Engine/Content/EngineMaterials/DefaultLightFunctionMaterial.uasset" 736
"../../../Engine/Content/EngineMaterials/DefaultLightFunctionMaterial.uexp" 737
"../../../Engine/Content/EngineMaterials/DefaultDestructiblePhysicalMaterial.uasset" 738
"../../../Engine/Content/EngineMaterials/DefaultDestructiblePhysicalMaterial.uexp" 739
"../../../Engine/Content/EngineMaterials/DefaultDeferredDecalMaterial.uasset" 740
"../../../Engine/Content/EngineMaterials/DefaultDeferredDecalMaterial.uexp" 741
"../../../Engine/Content/EngineMaterials/DefaultBloomKernel.uasset" 742
"../../../Engine/Content/EngineMaterials/DefaultBloomKernel.uexp" 743
"../../../Engine/Content/EngineFonts/Faces/RobotoLight.uexp" 744
"../../../Engine/Content/EngineFonts/Faces/RobotoLight.uasset" 745
"../../../Engine/Content/EngineFonts/Faces/RobotoLight.ufont" 746
"../../../Engine/Content/EngineFonts/Faces/RobotoBold.uexp" 747
"../../../Engine/Content/EngineFonts/Faces/RobotoBold.uasset" 748
"../../../Engine/Content/EngineFonts/Faces/RobotoBold.ufont" 749
"../../../Engine/Content/EngineFonts/Faces/RobotoRegular.uexp" 750
"../../../Engine/Content/EngineFonts/Faces/RobotoRegular.uasset" 751
"../../../Engine/Content/EngineFonts/Faces/RobotoRegular.ufont" 752
"../../../Engine/Content/EngineFonts/Faces/DroidSansFallback.uexp" 753
"../../../Engine/Content/EngineFonts/Faces/DroidSansFallback.uasset" 754
"../../../Engine/Content/EngineFonts/Faces/DroidSansFallback.ufont" 755
"../../../Engine/Content/EngineFonts/Faces/RobotoItalic.uexp" 756
"../../../Engine/Content/EngineFonts/Faces/RobotoItalic.uasset" 757
"../../../Engine/Content/EngineFonts/Faces/RobotoItalic.ufont" 758
"../../../Engine/Content/EngineFonts/Faces/RobotoBoldItalic.uexp" 759
"../../../Engine/Content/EngineFonts/Faces/RobotoBoldItalic.uasset" 760
"../../../Engine/Content/EngineFonts/Faces/RobotoBoldItalic.ufont" 761
"../../../Engine/Content/EngineFonts/Roboto.uasset" 762
"../../../Engine/Content/EngineFonts/Roboto.uexp" 763
"../../../Engine/Content/EngineDebugMaterials/VolumeToRender.uasset" 764
"../../../Engine/Content/EngineDebugMaterials/VolumeToRender.uexp" 765
"../../../Engine/Content/EngineDebugMaterials/M_VolumeRenderSphereTracePP.uasset" 766
"../../../Engine/Content/EngineDebugMaterials/M_VolumeRenderSphereTracePP.uexp" 767
"../../../Engine/Content/EngineDebugMaterials/M_SimpleUnlitTranslucent.uasset" 768
"../../../Engine/Content/EngineDebugMaterials/M_SimpleUnlitTranslucent.uexp" 769
"../../../Engine/Content/EngineDebugMaterials/DebugMeshMaterial.uasset" 770
"../../../Engine/Content/EngineDebugMaterials/DebugMeshMaterial.uexp" 771
"../../../Engine/Content/EngineDebugMaterials/DebugEditorMaterial.uasset" 772
"../../../Engine/Content/EngineDebugMaterials/DebugEditorMaterial.uexp" 773
"../../../Engine/Content/EngineDamageTypes/DmgTypeBP_Environmental.uasset" 774
"../../../Engine/Content/EngineDamageTypes/DmgTypeBP_Environmental.uexp" 775
"../../../Engine/Content/EditorResources/S_Terrain.ubulk" 776
"../../../Engine/Content/EditorResources/S_Terrain.uasset" 777
"../../../Engine/Content/EditorResources/S_Terrain.uexp" 778
"../../../Engine/Content/EditorResources/EmptyActor.uasset" 779
"../../../Engine/Content/EditorResources/EmptyActor.uexp" 780
"../../../Engine/Content/EditorResources/BSPVertex.uasset" 781
"../../../Engine/Content/EditorResources/BSPVertex.uexp" 782
"../../../Engine/Content/EditorResources/SequenceRecorder/RecordingIndicator.uasset" 783
"../../../Engine/Content/EditorResources/SequenceRecorder/RecordingIndicator.uexp" 784
"../../../Engine/Content/EditorResources/SequenceRecorder/Countdown.uasset" 785
"../../../Engine/Content/EditorResources/SequenceRecorder/Countdown.uexp" 786
"../../../Engine/Content/EditorMaterials/PreviewShadowIndicator.ubulk" 787
"../../../Engine/Content/EditorMaterials/PreviewShadowIndicator.uasset" 788
"../../../Engine/Content/EditorMaterials/PreviewShadowIndicator.uexp" 789
"../../../Engine/Content/EditorMaterials/PreviewShadowIndicatorMaterial.uasset" 790
"../../../Engine/Content/EditorMaterials/PreviewShadowIndicatorMaterial.uexp" 791
"../../../Engine/Content/EditorMaterials/PhAT_UnselectedMaterial.uasset" 792
"../../../Engine/Content/EditorMaterials/PhAT_UnselectedMaterial.uexp" 793
"../../../Engine/Content/EditorMaterials/PhAT_NoCollisionMaterial.uasset" 794
"../../../Engine/Content/EditorMaterials/PhAT_NoCollisionMaterial.uexp" 795
"../../../Engine/Content/EditorMaterials/Dataflow/DataflowVertexMaterial.uasset" 796
"../../../Engine/Content/EditorMaterials/Dataflow/DataflowVertexMaterial.uexp" 797
"../../../Engine/Content/EditorLandscapeResources/DefaultAlphaTexture.uasset" 798
"../../../Engine/Content/EditorLandscapeResources/DefaultAlphaTexture.uexp" 799
"../../../Engine/Content/EditorLandscapeResources/DataLayer.uasset" 800
"../../../Engine/Content/EditorLandscapeResources/DataLayer.uexp" 801
"../../../Engine/Content/EngineMaterials/DefaultMaterial.uasset" 802
"../../../Engine/Content/EngineMaterials/DefaultMaterial.uexp" 803
"../../../Engine/Content/BasicShapes/Sphere.ubulk" 804
"../../../Engine/Content/BasicShapes/Sphere.uasset" 805
"../../../Engine/Content/BasicShapes/Sphere.uexp" 806
"../../../Engine/Content/BasicShapes/Plane.ubulk" 807
"../../../Engine/Content/BasicShapes/Plane.uasset" 808
"../../../Engine/Content/BasicShapes/Plane.uexp" 809
"../../../Engine/Content/BasicShapes/Cylinder.ubulk" 810
"../../../Engine/Content/BasicShapes/Cylinder.uasset" 811
"../../../Engine/Content/BasicShapes/Cylinder.uexp" 812
"../../../Engine/Content/BasicShapes/Cube.ubulk" 813
"../../../Engine/Content/BasicShapes/Cube.uasset" 814
"../../../Engine/Content/BasicShapes/Cube.uexp" 815
"../../../Engine/Content/BasicShapes/Cone.ubulk" 816
"../../../Engine/Content/BasicShapes/Cone.uasset" 817
"../../../Engine/Content/BasicShapes/Cone.uexp" 818
"../../../Engine/Content/BasicShapes/BasicShapeMaterial.uasset" 819
"../../../Engine/Content/BasicShapes/BasicShapeMaterial.uexp" 820
"../../../Engine/Content/Animation/DefaultVariableFrameStrippingSettings.uasset" 821
"../../../Engine/Content/Animation/DefaultVariableFrameStrippingSettings.uexp" 822
"../../../Engine/Content/Animation/DefaultRecorderBoneCompression.uasset" 823
"../../../Engine/Content/Animation/DefaultRecorderBoneCompression.uexp" 824
"D:/UE4_Pojects/Derelict/Content/Data/Seeds/DT_TestSeed.uasset" 825
"D:/UE4_Pojects/Derelict/Content/Data/Seeds/DT_TestSeed.uexp" 826
"D:/UE4_Pojects/Derelict/Content/Blueprint/BP_TestChar.uasset" 827
"D:/UE4_Pojects/Derelict/Content/Blueprint/BP_TestChar.uexp" 828
"D:/UE4_Pojects/Derelict/Content/Blueprint/GM_Test.uasset" 829
"D:/UE4_Pojects/Derelict/Content/Blueprint/GM_Test.uexp" 830
"D:/UE4_Pojects/Derelict/Content/Blueprint/GI_Main.uasset" 831
"D:/UE4_Pojects/Derelict/Content/Blueprint/GI_Main.uexp" 832
"../../../Engine/Content/Functions/Engine_MaterialFunctions01/Shading/PowerToRoughness.uasset" 833
"../../../Engine/Content/Functions/Engine_MaterialFunctions01/Shading/PowerToRoughness.uexp" 834
"../../../Engine/Content/Functions/Engine_MaterialFunctions01/Shading/ConvertFromDiffSpec.uasset" 835
"../../../Engine/Content/Functions/Engine_MaterialFunctions01/Shading/ConvertFromDiffSpec.uexp" 836
"../../../Engine/Content/EngineMaterials/Substrate/Volume/SubstrateSimpleVolumeLUT3D.uasset" 837
"../../../Engine/Content/EngineMaterials/Substrate/Volume/SubstrateSimpleVolumeLUT3D.uexp" 838
"../../../Engine/Content/EngineMaterials/Substrate/Volume/SubstrateSimpleVolumeEnvLUT3D.uasset" 839
"../../../Engine/Content/EngineMaterials/Substrate/Volume/SubstrateSimpleVolumeEnvLUT3D.uexp" 840
"../../../Engine/Content/EngineMaterials/Substrate/GLints2/AGlintTex2dArray2.uasset" 841
"../../../Engine/Content/EngineMaterials/Substrate/GLints2/AGlintTex2dArray2.uexp" 842
"../../../Engine/Content/EngineMaterials/Substrate/GLints/AGlintTex2dArray.uasset" 843
"../../../Engine/Content/EngineMaterials/Substrate/GLints/AGlintTex2dArray.uexp" 844
"../../../Engine/Content/EngineMaterials/DefaultPhysicalMaterial.uasset" 845
"../../../Engine/Content/EngineMaterials/DefaultPhysicalMaterial.uexp" 846
"../../../Engine/Content/EngineMaterials/BlendFunc_DefBlend.uasset" 847
"../../../Engine/Content/EngineMaterials/BlendFunc_DefBlend.uexp" 848
"../../../Engine/Content/OpenWorldTemplate/LandscapeMaterial/T_GridChecker_A.ubulk" 849
"../../../Engine/Content/OpenWorldTemplate/LandscapeMaterial/T_GridChecker_A.uasset" 850
"../../../Engine/Content/OpenWorldTemplate/LandscapeMaterial/T_GridChecker_A.uexp" 851
"../../../Engine/Content/EngineMaterials/BlendFunc_DefBase.uasset" 852
"../../../Engine/Content/EngineMaterials/BlendFunc_DefBase.uexp" 853
"../../../Engine/Content/Functions/Engine_MaterialFunctions03/Blends/Blend_Overlay.uasset" 854
"../../../Engine/Content/Functions/Engine_MaterialFunctions03/Blends/Blend_Overlay.uexp" 855
"../../../Engine/Content/Functions/Engine_MaterialFunctions01/Gradient/LinearGradient.uasset" 856
"../../../Engine/Content/Functions/Engine_MaterialFunctions01/Gradient/LinearGradient.uexp" 857
"../../../Engine/Content/Functions/Engine_MaterialFunctions01/ImageAdjustment/CheapContrast.uasset" 858
"../../../Engine/Content/Functions/Engine_MaterialFunctions01/ImageAdjustment/CheapContrast.uexp" 859
"../../../Engine/Content/OpenWorldTemplate/LandscapeMaterial/MF_ProcGrid.uasset" 860
"../../../Engine/Content/OpenWorldTemplate/LandscapeMaterial/MF_ProcGrid.uexp" 861
"../../../Engine/Content/OpenWorldTemplate/LandscapeMaterial/M_ProcGrid.uasset" 862
"../../../Engine/Content/OpenWorldTemplate/LandscapeMaterial/M_ProcGrid.uexp" 863
"../../../Engine/Content/EngineMaterials/FlattenMaterial_WS_Normal_VT.uasset" 864
"../../../Engine/Content/EngineMaterials/FlattenMaterial_WS_Normal_VT.uexp" 865
"../../../Engine/Content/OpenWorldTemplate/HLOD/HLOD0_Instancing.uasset" 866
"../../../Engine/Content/OpenWorldTemplate/HLOD/HLOD0_Instancing.uexp" 867
"../../../Engine/Content/EngineSky/T_Sky_Stars.ubulk" 868
"../../../Engine/Content/EngineSky/T_Sky_Stars.uasset" 869
"../../../Engine/Content/EngineSky/T_Sky_Stars.uexp" 870
"../../../Engine/Content/EngineSky/T_Sky_Clouds_M.ubulk" 871
"../../../Engine/Content/EngineSky/T_Sky_Clouds_M.uasset" 872
"../../../Engine/Content/EngineSky/T_Sky_Clouds_M.uexp" 873
"../../../Engine/Content/EngineSky/T_Sky_Blue.ubulk" 874
"../../../Engine/Content/EngineSky/T_Sky_Blue.uasset" 875
"../../../Engine/Content/EngineSky/T_Sky_Blue.uexp" 876
"../../../Engine/Content/EngineSky/M_Sky_Panning_Clouds2.uasset" 877
"../../../Engine/Content/EngineSky/M_Sky_Panning_Clouds2.uexp" 878
"../../../Engine/Content/EngineSky/SM_SkySphere.ubulk" 879
"../../../Engine/Content/EngineSky/SM_SkySphere.uasset" 880
"../../../Engine/Content/EngineSky/SM_SkySphere.uexp" 881
"../../../Engine/Content/EngineSky/M_SimpleSkyDome.uasset" 882
"../../../Engine/Content/EngineSky/M_SimpleSkyDome.uexp" 883
"../../../Engine/Content/Maps/Entry_BuiltData.uasset" 884
"../../../Engine/Content/Maps/Entry_BuiltData.uexp" 885
"../../../Engine/Content/Maps/Entry.uexp" 886
"../../../Engine/Content/Maps/Entry.umap" 887
"D:/UE4_Pojects/Derelict/Content/Level/Untitled_HLOD0_Instancing.uasset" 888
"D:/UE4_Pojects/Derelict/Content/Level/Untitled_HLOD0_Instancing.uexp" 889
"D:/UE4_Pojects/Derelict/Content/Level/Untitled.uexp" 890
"D:/UE4_Pojects/Derelict/Content/Level/Untitled.ubulk" 891
"D:/UE4_Pojects/Derelict/Content/Level/Untitled.umap" 892
"D:/UE4_Pojects/Derelict/Content/Level/NewWorld.uexp" 893
"D:/UE4_Pojects/Derelict/Content/Level/NewWorld.umap" 894
"D:/UE4_Pojects/Derelict/Content/Level/Untitled/_Generated_/5SGBTBFYKR32VE4GHDJUI8IFI.uexp" 895
"D:/UE4_Pojects/Derelict/Content/Level/Untitled/_Generated_/5SGBTBFYKR32VE4GHDJUI8IFI.ubulk" 896
"D:/UE4_Pojects/Derelict/Content/Level/Untitled/_Generated_/5SGBTBFYKR32VE4GHDJUI8IFI.umap" 897
"D:/UE4_Pojects/Derelict/Content/Level/Untitled/_Generated_/CUULBE6BDN52T9UX0PQA00U6N.uexp" 898
"D:/UE4_Pojects/Derelict/Content/Level/Untitled/_Generated_/CUULBE6BDN52T9UX0PQA00U6N.ubulk" 899
"D:/UE4_Pojects/Derelict/Content/Level/Untitled/_Generated_/CUULBE6BDN52T9UX0PQA00U6N.umap" 900
"D:/UE4_Pojects/Derelict/Content/Level/Untitled/_Generated_/0NL468SPU5IZKACNQ2NTWSQ2V.uexp" 901
"D:/UE4_Pojects/Derelict/Content/Level/Untitled/_Generated_/0NL468SPU5IZKACNQ2NTWSQ2V.ubulk" 902
"D:/UE4_Pojects/Derelict/Content/Level/Untitled/_Generated_/0NL468SPU5IZKACNQ2NTWSQ2V.umap" 903
"D:/UE4_Pojects/Derelict/Content/Level/Untitled/_Generated_/5PVAV1L2U4TLOUAW1GZ9OUAS7.uexp" 904
"D:/UE4_Pojects/Derelict/Content/Level/Untitled/_Generated_/5PVAV1L2U4TLOUAW1GZ9OUAS7.ubulk" 905
"D:/UE4_Pojects/Derelict/Content/Level/Untitled/_Generated_/5PVAV1L2U4TLOUAW1GZ9OUAS7.umap" 906
"D:/UE4_Pojects/Derelict/Content/Level/Untitled/_Generated_/1H5PK1BUA7GBSXKWP4A67SSST.uexp" 907
"D:/UE4_Pojects/Derelict/Content/Level/Untitled/_Generated_/1H5PK1BUA7GBSXKWP4A67SSST.ubulk" 908
"D:/UE4_Pojects/Derelict/Content/Level/Untitled/_Generated_/1H5PK1BUA7GBSXKWP4A67SSST.umap" 909
"D:/UE4_Pojects/Derelict/Content/Level/Untitled/_Generated_/F4M5SOAZSBAI2D27ORQNYI3WO.uexp" 910
"D:/UE4_Pojects/Derelict/Content/Level/Untitled/_Generated_/F4M5SOAZSBAI2D27ORQNYI3WO.ubulk" 911
"D:/UE4_Pojects/Derelict/Content/Level/Untitled/_Generated_/F4M5SOAZSBAI2D27ORQNYI3WO.umap" 912
"D:/UE4_Pojects/Derelict/Content/Level/Untitled/_Generated_/88H0491KC5G2B2YGE2DGWWBKO.uexp" 913
"D:/UE4_Pojects/Derelict/Content/Level/Untitled/_Generated_/88H0491KC5G2B2YGE2DGWWBKO.ubulk" 914
"D:/UE4_Pojects/Derelict/Content/Level/Untitled/_Generated_/88H0491KC5G2B2YGE2DGWWBKO.umap" 915
"D:/UE4_Pojects/Derelict/Content/Level/Untitled/_Generated_/6QC1RTPS408IZZ82H8LQBLBBL.uexp" 916
"D:/UE4_Pojects/Derelict/Content/Level/Untitled/_Generated_/6QC1RTPS408IZZ82H8LQBLBBL.ubulk" 917
"D:/UE4_Pojects/Derelict/Content/Level/Untitled/_Generated_/6QC1RTPS408IZZ82H8LQBLBBL.umap" 918
"D:/UE4_Pojects/Derelict/Content/Level/Untitled/_Generated_/8W66BMGYCQP2BMWVOFDK0KCXM.uexp" 919
"D:/UE4_Pojects/Derelict/Content/Level/Untitled/_Generated_/8W66BMGYCQP2BMWVOFDK0KCXM.ubulk" 920
"D:/UE4_Pojects/Derelict/Content/Level/Untitled/_Generated_/8W66BMGYCQP2BMWVOFDK0KCXM.umap" 921
"D:/UE4_Pojects/Derelict/Content/Level/Untitled/_Generated_/9P5JHPOE0M4PKVOVTV4MP3XQT.uexp" 922
"D:/UE4_Pojects/Derelict/Content/Level/Untitled/_Generated_/9P5JHPOE0M4PKVOVTV4MP3XQT.ubulk" 923
"D:/UE4_Pojects/Derelict/Content/Level/Untitled/_Generated_/9P5JHPOE0M4PKVOVTV4MP3XQT.umap" 924
"D:/UE4_Pojects/Derelict/Content/Level/Untitled/_Generated_/3OQUSPT0RHPDRYTDRHYXTCV3N.uexp" 925
"D:/UE4_Pojects/Derelict/Content/Level/Untitled/_Generated_/3OQUSPT0RHPDRYTDRHYXTCV3N.ubulk" 926
"D:/UE4_Pojects/Derelict/Content/Level/Untitled/_Generated_/3OQUSPT0RHPDRYTDRHYXTCV3N.umap" 927
"D:/UE4_Pojects/Derelict/Content/Level/Untitled/_Generated_/381UAG8X870GQV4S1ITZFMIK6.uexp" 928
"D:/UE4_Pojects/Derelict/Content/Level/Untitled/_Generated_/381UAG8X870GQV4S1ITZFMIK6.ubulk" 929
"D:/UE4_Pojects/Derelict/Content/Level/Untitled/_Generated_/381UAG8X870GQV4S1ITZFMIK6.umap" 930
"D:/UE4_Pojects/Derelict/Content/Level/Untitled/_Generated_/6MNZZ9XUOJ51QSTQFYI2Z10W4.uexp" 931
"D:/UE4_Pojects/Derelict/Content/Level/Untitled/_Generated_/6MNZZ9XUOJ51QSTQFYI2Z10W4.ubulk" 932
"D:/UE4_Pojects/Derelict/Content/Level/Untitled/_Generated_/6MNZZ9XUOJ51QSTQFYI2Z10W4.umap" 933
"D:/UE4_Pojects/Derelict/Content/Level/Untitled/_Generated_/CTO2CCW4TCBZWL8BIW9W6JSFC.uexp" 934
"D:/UE4_Pojects/Derelict/Content/Level/Untitled/_Generated_/CTO2CCW4TCBZWL8BIW9W6JSFC.ubulk" 935
"D:/UE4_Pojects/Derelict/Content/Level/Untitled/_Generated_/CTO2CCW4TCBZWL8BIW9W6JSFC.umap" 936
"D:/UE4_Pojects/Derelict/Content/Level/Untitled/_Generated_/EJL2222CN4P6ZDUJCWDXSC51I.uexp" 937
"D:/UE4_Pojects/Derelict/Content/Level/Untitled/_Generated_/EJL2222CN4P6ZDUJCWDXSC51I.ubulk" 938
"D:/UE4_Pojects/Derelict/Content/Level/Untitled/_Generated_/EJL2222CN4P6ZDUJCWDXSC51I.umap" 939
"D:/UE4_Pojects/Derelict/Content/Level/Untitled/_Generated_/234LOXYLV8YISVIGB3LCI5BXJ.uexp" 940
"D:/UE4_Pojects/Derelict/Content/Level/Untitled/_Generated_/234LOXYLV8YISVIGB3LCI5BXJ.ubulk" 941
"D:/UE4_Pojects/Derelict/Content/Level/Untitled/_Generated_/234LOXYLV8YISVIGB3LCI5BXJ.umap" 942
"D:/UE4_Pojects/Derelict/Content/Level/Untitled/_Generated_/93JJ85E8KGIETT20IXYHM16ZW.uexp" 943
"D:/UE4_Pojects/Derelict/Content/Level/Untitled/_Generated_/93JJ85E8KGIETT20IXYHM16ZW.ubulk" 944
"D:/UE4_Pojects/Derelict/Content/Level/Untitled/_Generated_/93JJ85E8KGIETT20IXYHM16ZW.umap" 945
"D:/UE4_Pojects/Derelict/Content/Level/Untitled/_Generated_/3V6ST7FURYXAMLRXIL78WM0YT.uexp" 946
"D:/UE4_Pojects/Derelict/Content/Level/Untitled/_Generated_/3V6ST7FURYXAMLRXIL78WM0YT.ubulk" 947
"D:/UE4_Pojects/Derelict/Content/Level/Untitled/_Generated_/3V6ST7FURYXAMLRXIL78WM0YT.umap" 948
"D:/UE4_Pojects/Derelict/Content/Level/Untitled/_Generated_/8X1VI4WTA1WCSA4ZY50GI80CY.uexp" 949
"D:/UE4_Pojects/Derelict/Content/Level/Untitled/_Generated_/8X1VI4WTA1WCSA4ZY50GI80CY.ubulk" 950
"D:/UE4_Pojects/Derelict/Content/Level/Untitled/_Generated_/8X1VI4WTA1WCSA4ZY50GI80CY.umap" 951
"D:/UE4_Pojects/Derelict/Content/Level/Untitled/_Generated_/AYDHUH39PXIJ8E7M50C6GZK7Z.uexp" 952
"D:/UE4_Pojects/Derelict/Content/Level/Untitled/_Generated_/AYDHUH39PXIJ8E7M50C6GZK7Z.ubulk" 953
"D:/UE4_Pojects/Derelict/Content/Level/Untitled/_Generated_/AYDHUH39PXIJ8E7M50C6GZK7Z.umap" 954
"D:/UE4_Pojects/Derelict/Content/Level/Untitled/_Generated_/461C2TYK9V1FKHLVKEXJ5GIEL.uexp" 955
"D:/UE4_Pojects/Derelict/Content/Level/Untitled/_Generated_/461C2TYK9V1FKHLVKEXJ5GIEL.ubulk" 956
"D:/UE4_Pojects/Derelict/Content/Level/Untitled/_Generated_/461C2TYK9V1FKHLVKEXJ5GIEL.umap" 957
"D:/UE4_Pojects/Derelict/Content/Level/Untitled/_Generated_/C0CD55NOZ7U6B1P7IXC497KR8.uexp" 958
"D:/UE4_Pojects/Derelict/Content/Level/Untitled/_Generated_/C0CD55NOZ7U6B1P7IXC497KR8.ubulk" 959
"D:/UE4_Pojects/Derelict/Content/Level/Untitled/_Generated_/C0CD55NOZ7U6B1P7IXC497KR8.umap" 960
"D:/UE4_Pojects/Derelict/Content/Level/Untitled/_Generated_/3DH9OQO2P3E923GUNN7FBPVIK.uexp" 961
"D:/UE4_Pojects/Derelict/Content/Level/Untitled/_Generated_/3DH9OQO2P3E923GUNN7FBPVIK.ubulk" 962
"D:/UE4_Pojects/Derelict/Content/Level/Untitled/_Generated_/3DH9OQO2P3E923GUNN7FBPVIK.umap" 963
"D:/UE4_Pojects/Derelict/Content/Level/Untitled/_Generated_/9IKODYOH12DCCBI8SOJIUE3WM.uexp" 964
"D:/UE4_Pojects/Derelict/Content/Level/Untitled/_Generated_/9IKODYOH12DCCBI8SOJIUE3WM.ubulk" 965
"D:/UE4_Pojects/Derelict/Content/Level/Untitled/_Generated_/9IKODYOH12DCCBI8SOJIUE3WM.umap" 966
"D:/UE4_Pojects/Derelict/Content/Level/Untitled/_Generated_/588VWFYR1O92Q96A8RU7EJ9DH.uexp" 967
"D:/UE4_Pojects/Derelict/Content/Level/Untitled/_Generated_/588VWFYR1O92Q96A8RU7EJ9DH.ubulk" 968
"D:/UE4_Pojects/Derelict/Content/Level/Untitled/_Generated_/588VWFYR1O92Q96A8RU7EJ9DH.umap" 969
"D:/UE4_Pojects/Derelict/Content/Level/Untitled/_Generated_/1L6HH0W004V6FRHTYQBLL87CC.uexp" 970
"D:/UE4_Pojects/Derelict/Content/Level/Untitled/_Generated_/1L6HH0W004V6FRHTYQBLL87CC.ubulk" 971
"D:/UE4_Pojects/Derelict/Content/Level/Untitled/_Generated_/1L6HH0W004V6FRHTYQBLL87CC.umap" 972
"D:/UE4_Pojects/Derelict/Content/Level/Untitled/_Generated_/AP8LAF1ZWWAL5WW55V3UXBAJM.uexp" 973
"D:/UE4_Pojects/Derelict/Content/Level/Untitled/_Generated_/AP8LAF1ZWWAL5WW55V3UXBAJM.ubulk" 974
"D:/UE4_Pojects/Derelict/Content/Level/Untitled/_Generated_/AP8LAF1ZWWAL5WW55V3UXBAJM.umap" 975
"D:/UE4_Pojects/Derelict/Content/Level/Untitled/_Generated_/CX3GQYB93NBZLBO2X0Z6H24LE.uexp" 976
"D:/UE4_Pojects/Derelict/Content/Level/Untitled/_Generated_/CX3GQYB93NBZLBO2X0Z6H24LE.ubulk" 977
"D:/UE4_Pojects/Derelict/Content/Level/Untitled/_Generated_/CX3GQYB93NBZLBO2X0Z6H24LE.umap" 978
"D:/UE4_Pojects/Derelict/Content/Level/Untitled/_Generated_/DRIR7EYSF795GS9JACXF6BWLP.uexp" 979
"D:/UE4_Pojects/Derelict/Content/Level/Untitled/_Generated_/DRIR7EYSF795GS9JACXF6BWLP.ubulk" 980
"D:/UE4_Pojects/Derelict/Content/Level/Untitled/_Generated_/DRIR7EYSF795GS9JACXF6BWLP.umap" 981
"D:/UE4_Pojects/Derelict/Content/Level/Untitled/_Generated_/0UL57KBSIQYUG15BSEYMG1SQ1.uexp" 982
"D:/UE4_Pojects/Derelict/Content/Level/Untitled/_Generated_/0UL57KBSIQYUG15BSEYMG1SQ1.ubulk" 983
"D:/UE4_Pojects/Derelict/Content/Level/Untitled/_Generated_/0UL57KBSIQYUG15BSEYMG1SQ1.umap" 984
"D:/UE4_Pojects/Derelict/Content/Level/Untitled/_Generated_/EJDKONHBEIJ6DAHO1MRLECTE9.uexp" 985
"D:/UE4_Pojects/Derelict/Content/Level/Untitled/_Generated_/EJDKONHBEIJ6DAHO1MRLECTE9.ubulk" 986
"D:/UE4_Pojects/Derelict/Content/Level/Untitled/_Generated_/EJDKONHBEIJ6DAHO1MRLECTE9.umap" 987
"D:/UE4_Pojects/Derelict/Content/Level/Untitled/_Generated_/BVIZPJVRTRTT2ELUTYLPLEPQY.uexp" 988
"D:/UE4_Pojects/Derelict/Content/Level/Untitled/_Generated_/BVIZPJVRTRTT2ELUTYLPLEPQY.ubulk" 989
"D:/UE4_Pojects/Derelict/Content/Level/Untitled/_Generated_/BVIZPJVRTRTT2ELUTYLPLEPQY.umap" 990
"D:/UE4_Pojects/Derelict/Content/Level/Untitled/_Generated_/14FEFABIEMWQQGF7L88R2GLBL.uexp" 991
"D:/UE4_Pojects/Derelict/Content/Level/Untitled/_Generated_/14FEFABIEMWQQGF7L88R2GLBL.ubulk" 992
"D:/UE4_Pojects/Derelict/Content/Level/Untitled/_Generated_/14FEFABIEMWQQGF7L88R2GLBL.umap" 993
"D:/UE4_Pojects/Derelict/Content/Level/Untitled/_Generated_/5D6REFOGZCHAJ3TOOJQ34CBC7.uexp" 994
"D:/UE4_Pojects/Derelict/Content/Level/Untitled/_Generated_/5D6REFOGZCHAJ3TOOJQ34CBC7.ubulk" 995
"D:/UE4_Pojects/Derelict/Content/Level/Untitled/_Generated_/5D6REFOGZCHAJ3TOOJQ34CBC7.umap" 996
"D:/UE4_Pojects/Derelict/Content/Level/Untitled/_Generated_/ALRXMI4I4NX09INTFSPATXGOF.uexp" 997
"D:/UE4_Pojects/Derelict/Content/Level/Untitled/_Generated_/ALRXMI4I4NX09INTFSPATXGOF.ubulk" 998
"D:/UE4_Pojects/Derelict/Content/Level/Untitled/_Generated_/ALRXMI4I4NX09INTFSPATXGOF.umap" 999
"D:/UE4_Pojects/Derelict/Content/Level/Untitled/_Generated_/1AE0L844UTFUKM5K8V7B1UMXC.uexp" 1000
"D:/UE4_Pojects/Derelict/Content/Level/Untitled/_Generated_/1AE0L844UTFUKM5K8V7B1UMXC.ubulk" 1001
"D:/UE4_Pojects/Derelict/Content/Level/Untitled/_Generated_/1AE0L844UTFUKM5K8V7B1UMXC.umap" 1002
"D:/UE4_Pojects/Derelict/Content/Level/Untitled/_Generated_/7DGSACF6TRPV173R61R750TBQ.uexp" 1003
"D:/UE4_Pojects/Derelict/Content/Level/Untitled/_Generated_/7DGSACF6TRPV173R61R750TBQ.ubulk" 1004
"D:/UE4_Pojects/Derelict/Content/Level/Untitled/_Generated_/7DGSACF6TRPV173R61R750TBQ.umap" 1005
"D:/UE4_Pojects/Derelict/Content/Level/Untitled/_Generated_/8B38G7DKH2WXD9AB232U5L4HZ.uexp" 1006
"D:/UE4_Pojects/Derelict/Content/Level/Untitled/_Generated_/8B38G7DKH2WXD9AB232U5L4HZ.ubulk" 1007
"D:/UE4_Pojects/Derelict/Content/Level/Untitled/_Generated_/8B38G7DKH2WXD9AB232U5L4HZ.umap" 1008
"D:/UE4_Pojects/Derelict/Content/Level/Untitled/_Generated_/9PINCYN2RCBIIZG7Z6GQ2F553.uexp" 1009
"D:/UE4_Pojects/Derelict/Content/Level/Untitled/_Generated_/9PINCYN2RCBIIZG7Z6GQ2F553.ubulk" 1010
"D:/UE4_Pojects/Derelict/Content/Level/Untitled/_Generated_/9PINCYN2RCBIIZG7Z6GQ2F553.umap" 1011
"D:/UE4_Pojects/Derelict/Content/Level/Untitled/_Generated_/53TWFR7HXFKVACE5VXDPMU5VV.uexp" 1012
"D:/UE4_Pojects/Derelict/Content/Level/Untitled/_Generated_/53TWFR7HXFKVACE5VXDPMU5VV.ubulk" 1013
"D:/UE4_Pojects/Derelict/Content/Level/Untitled/_Generated_/53TWFR7HXFKVACE5VXDPMU5VV.umap" 1014
"D:/UE4_Pojects/Derelict/Content/Level/Untitled/_Generated_/51BVUEAYSPWY1ZGVZLN8Q52DO.uexp" 1015
"D:/UE4_Pojects/Derelict/Content/Level/Untitled/_Generated_/51BVUEAYSPWY1ZGVZLN8Q52DO.ubulk" 1016
"D:/UE4_Pojects/Derelict/Content/Level/Untitled/_Generated_/51BVUEAYSPWY1ZGVZLN8Q52DO.umap" 1017
"D:/UE4_Pojects/Derelict/Content/Level/Untitled/_Generated_/AVEJV3Z6DX5Q6DUEQGX67X7PM.uexp" 1018
"D:/UE4_Pojects/Derelict/Content/Level/Untitled/_Generated_/AVEJV3Z6DX5Q6DUEQGX67X7PM.ubulk" 1019
"D:/UE4_Pojects/Derelict/Content/Level/Untitled/_Generated_/AVEJV3Z6DX5Q6DUEQGX67X7PM.umap" 1020
"D:/UE4_Pojects/Derelict/Content/Level/Untitled/_Generated_/08N3EMMKFEEUTPE6WB05AQ8ZJ.uexp" 1021
"D:/UE4_Pojects/Derelict/Content/Level/Untitled/_Generated_/08N3EMMKFEEUTPE6WB05AQ8ZJ.ubulk" 1022
"D:/UE4_Pojects/Derelict/Content/Level/Untitled/_Generated_/08N3EMMKFEEUTPE6WB05AQ8ZJ.umap" 1023
"D:/UE4_Pojects/Derelict/Content/Level/Untitled/_Generated_/8O3UH56VWG305GSLXWIBY1MQF.uexp" 1024
"D:/UE4_Pojects/Derelict/Content/Level/Untitled/_Generated_/8O3UH56VWG305GSLXWIBY1MQF.ubulk" 1025
"D:/UE4_Pojects/Derelict/Content/Level/Untitled/_Generated_/8O3UH56VWG305GSLXWIBY1MQF.umap" 1026
"D:/UE4_Pojects/Derelict/Content/Level/Untitled/_Generated_/3CIJ8ORV7KEIQ2TO5E26OOGDM.uexp" 1027
"D:/UE4_Pojects/Derelict/Content/Level/Untitled/_Generated_/3CIJ8ORV7KEIQ2TO5E26OOGDM.ubulk" 1028
"D:/UE4_Pojects/Derelict/Content/Level/Untitled/_Generated_/3CIJ8ORV7KEIQ2TO5E26OOGDM.umap" 1029
"D:/UE4_Pojects/Derelict/Content/Level/Untitled/_Generated_/CKGSQP0WUGIAJLR8WBOM3OEHE.uexp" 1030
"D:/UE4_Pojects/Derelict/Content/Level/Untitled/_Generated_/CKGSQP0WUGIAJLR8WBOM3OEHE.ubulk" 1031
"D:/UE4_Pojects/Derelict/Content/Level/Untitled/_Generated_/CKGSQP0WUGIAJLR8WBOM3OEHE.umap" 1032
"D:/UE4_Pojects/Derelict/Content/Level/Untitled/_Generated_/82M9UNCHC8UGRW50QKRR8FXLW.uexp" 1033
"D:/UE4_Pojects/Derelict/Content/Level/Untitled/_Generated_/82M9UNCHC8UGRW50QKRR8FXLW.ubulk" 1034
"D:/UE4_Pojects/Derelict/Content/Level/Untitled/_Generated_/82M9UNCHC8UGRW50QKRR8FXLW.umap" 1035
"D:/UE4_Pojects/Derelict/Content/Level/Untitled/_Generated_/3RXBTSS1KNRPMIX4IHH5Y1HA3.uexp" 1036
"D:/UE4_Pojects/Derelict/Content/Level/Untitled/_Generated_/3RXBTSS1KNRPMIX4IHH5Y1HA3.ubulk" 1037
"D:/UE4_Pojects/Derelict/Content/Level/Untitled/_Generated_/3RXBTSS1KNRPMIX4IHH5Y1HA3.umap" 1038
"D:/UE4_Pojects/Derelict/Content/Level/Untitled/_Generated_/A2AJT5TB7VKG821GXD9VUFWBK.uexp" 1039
"D:/UE4_Pojects/Derelict/Content/Level/Untitled/_Generated_/A2AJT5TB7VKG821GXD9VUFWBK.ubulk" 1040
"D:/UE4_Pojects/Derelict/Content/Level/Untitled/_Generated_/A2AJT5TB7VKG821GXD9VUFWBK.umap" 1041
"D:/UE4_Pojects/Derelict/Content/Level/Untitled/_Generated_/AVTEG3ZBIPH55NTLYKMMGX2T6.uexp" 1042
"D:/UE4_Pojects/Derelict/Content/Level/Untitled/_Generated_/AVTEG3ZBIPH55NTLYKMMGX2T6.ubulk" 1043
"D:/UE4_Pojects/Derelict/Content/Level/Untitled/_Generated_/AVTEG3ZBIPH55NTLYKMMGX2T6.umap" 1044
"D:/UE4_Pojects/Derelict/Content/Level/Untitled/_Generated_/AOVZKRU4VZM2OXMIN93J0WK1I.uexp" 1045
"D:/UE4_Pojects/Derelict/Content/Level/Untitled/_Generated_/AOVZKRU4VZM2OXMIN93J0WK1I.ubulk" 1046
"D:/UE4_Pojects/Derelict/Content/Level/Untitled/_Generated_/AOVZKRU4VZM2OXMIN93J0WK1I.umap" 1047
"D:/UE4_Pojects/Derelict/Content/Level/Untitled/_Generated_/7Q2NVTAUO3URS3JUJZZQX0KXR.uexp" 1048
"D:/UE4_Pojects/Derelict/Content/Level/Untitled/_Generated_/7Q2NVTAUO3URS3JUJZZQX0KXR.ubulk" 1049
"D:/UE4_Pojects/Derelict/Content/Level/Untitled/_Generated_/7Q2NVTAUO3URS3JUJZZQX0KXR.umap" 1050
"D:/UE4_Pojects/Derelict/Content/Level/Untitled/_Generated_/2JSPNVXXTOUSZAIDX33L6RKEM.uexp" 1051
"D:/UE4_Pojects/Derelict/Content/Level/Untitled/_Generated_/2JSPNVXXTOUSZAIDX33L6RKEM.ubulk" 1052
"D:/UE4_Pojects/Derelict/Content/Level/Untitled/_Generated_/2JSPNVXXTOUSZAIDX33L6RKEM.umap" 1053
"D:/UE4_Pojects/Derelict/Content/Level/Untitled/_Generated_/1R0OEO154MLJQL2V548E3L4R5.uexp" 1054
"D:/UE4_Pojects/Derelict/Content/Level/Untitled/_Generated_/1R0OEO154MLJQL2V548E3L4R5.ubulk" 1055
"D:/UE4_Pojects/Derelict/Content/Level/Untitled/_Generated_/1R0OEO154MLJQL2V548E3L4R5.umap" 1056
"D:/UE4_Pojects/Derelict/Content/Level/Untitled/_Generated_/9W2UZFOACF0IX5DJSN3G2AE40.uexp" 1057
"D:/UE4_Pojects/Derelict/Content/Level/Untitled/_Generated_/9W2UZFOACF0IX5DJSN3G2AE40.ubulk" 1058
"D:/UE4_Pojects/Derelict/Content/Level/Untitled/_Generated_/9W2UZFOACF0IX5DJSN3G2AE40.umap" 1059
"D:/UE4_Pojects/Derelict/Content/Level/Untitled/_Generated_/EYUVPKP2GHT500R0QQHAMJFYY.uexp" 1060
"D:/UE4_Pojects/Derelict/Content/Level/Untitled/_Generated_/EYUVPKP2GHT500R0QQHAMJFYY.ubulk" 1061
"D:/UE4_Pojects/Derelict/Content/Level/Untitled/_Generated_/EYUVPKP2GHT500R0QQHAMJFYY.umap" 1062
"D:/UE4_Pojects/Derelict/Content/Level/Untitled/_Generated_/1F5RCZI32FASRZJ2AUMMYNOSQ.uexp" 1063
"D:/UE4_Pojects/Derelict/Content/Level/Untitled/_Generated_/1F5RCZI32FASRZJ2AUMMYNOSQ.ubulk" 1064
"D:/UE4_Pojects/Derelict/Content/Level/Untitled/_Generated_/1F5RCZI32FASRZJ2AUMMYNOSQ.umap" 1065
"D:/UE4_Pojects/Derelict/Content/Level/Untitled/_Generated_/B43Z1M3GRB8QC8DRUQJBSGGO9.uexp" 1066
"D:/UE4_Pojects/Derelict/Content/Level/Untitled/_Generated_/B43Z1M3GRB8QC8DRUQJBSGGO9.ubulk" 1067
"D:/UE4_Pojects/Derelict/Content/Level/Untitled/_Generated_/B43Z1M3GRB8QC8DRUQJBSGGO9.umap" 1068
"D:/UE4_Pojects/Derelict/Content/Level/Untitled/_Generated_/7UCZYIPWTGE2YESTHJ43TK7RL.uexp" 1069
"D:/UE4_Pojects/Derelict/Content/Level/Untitled/_Generated_/7UCZYIPWTGE2YESTHJ43TK7RL.ubulk" 1070
"D:/UE4_Pojects/Derelict/Content/Level/Untitled/_Generated_/7UCZYIPWTGE2YESTHJ43TK7RL.umap" 1071
"D:/UE4_Pojects/Derelict/Content/Level/Untitled/_Generated_/91OBX0TLHYL2XJNCJT95XIY2Z.uexp" 1072
"D:/UE4_Pojects/Derelict/Content/Level/Untitled/_Generated_/91OBX0TLHYL2XJNCJT95XIY2Z.ubulk" 1073
"D:/UE4_Pojects/Derelict/Content/Level/Untitled/_Generated_/91OBX0TLHYL2XJNCJT95XIY2Z.umap" 1074
"D:/UE4_Pojects/Derelict/Content/Level/Untitled/_Generated_/DT7CNDTXITNQ19WLD5T0C92W1.uexp" 1075
"D:/UE4_Pojects/Derelict/Content/Level/Untitled/_Generated_/DT7CNDTXITNQ19WLD5T0C92W1.ubulk" 1076
"D:/UE4_Pojects/Derelict/Content/Level/Untitled/_Generated_/DT7CNDTXITNQ19WLD5T0C92W1.umap" 1077
"D:/UE4_Pojects/Derelict/Content/Level/Untitled/_Generated_/EI72GRCFVOGCRUJO12MIWPHV1.uexp" 1078
"D:/UE4_Pojects/Derelict/Content/Level/Untitled/_Generated_/EI72GRCFVOGCRUJO12MIWPHV1.ubulk" 1079
"D:/UE4_Pojects/Derelict/Content/Level/Untitled/_Generated_/EI72GRCFVOGCRUJO12MIWPHV1.umap" 1080
"D:/UE4_Pojects/Derelict/Content/Level/Untitled/_Generated_/7K4OZUD43YW760VOB0EJ7J63C.uexp" 1081
"D:/UE4_Pojects/Derelict/Content/Level/Untitled/_Generated_/7K4OZUD43YW760VOB0EJ7J63C.ubulk" 1082
"D:/UE4_Pojects/Derelict/Content/Level/Untitled/_Generated_/7K4OZUD43YW760VOB0EJ7J63C.umap" 1083
"D:/UE4_Pojects/Derelict/Content/Level/Untitled/_Generated_/8GF4ZL90YRRSDJQL42AZMXY2T.uexp" 1084
"D:/UE4_Pojects/Derelict/Content/Level/Untitled/_Generated_/8GF4ZL90YRRSDJQL42AZMXY2T.ubulk" 1085
"D:/UE4_Pojects/Derelict/Content/Level/Untitled/_Generated_/8GF4ZL90YRRSDJQL42AZMXY2T.umap" 1086
